{"/home/travis/build/npmtest/node-npmtest-googlemaps/test.js":{"path":"/home/travis/build/npmtest/node-npmtest-googlemaps/test.js","s":{"1":2,"2":2,"3":2,"4":2,"5":2,"6":2,"7":2,"8":1,"9":2,"10":2,"11":1,"12":1,"13":1,"14":1,"15":2,"16":2,"17":2,"18":2,"19":1,"20":1,"21":2,"22":2,"23":2,"24":1,"25":1,"26":1,"27":1,"28":1,"29":1,"30":1,"31":1,"32":1,"33":1,"34":1,"35":1,"36":1,"37":1,"38":1,"39":2,"40":2,"41":1,"42":2,"43":2,"44":1,"45":2,"46":2,"47":1,"48":2,"49":2,"50":1,"51":1,"52":1,"53":1,"54":1},"b":{"1":[2,1,1,1],"2":[1,1,1,1],"3":[1,1],"4":[1,1],"5":[1,1],"6":[1,1],"7":[1,1],"8":[1,1],"9":[1,1],"10":[1,1,1],"11":[1,1],"12":[1,1],"13":[1,1],"14":[1,1],"15":[1,1],"16":[1,1],"17":[1,1]},"f":{"1":2,"2":2,"3":2,"4":2,"5":2,"6":1,"7":1,"8":1,"9":2,"10":2,"11":2,"12":2,"13":1},"fnMap":{"1":{"name":"(anonymous_1)","line":12,"loc":{"start":{"line":12,"column":1},"end":{"line":12,"column":13}}},"2":{"name":"(anonymous_2)","line":19,"loc":{"start":{"line":19,"column":5},"end":{"line":19,"column":17}}},"3":{"name":"(anonymous_3)","line":23,"loc":{"start":{"line":23,"column":24},"end":{"line":23,"column":36}}},"4":{"name":"(anonymous_4)","line":61,"loc":{"start":{"line":61,"column":5},"end":{"line":61,"column":17}}},"5":{"name":"(anonymous_5)","line":82,"loc":{"start":{"line":82,"column":5},"end":{"line":82,"column":17}}},"6":{"name":"(anonymous_6)","line":91,"loc":{"start":{"line":91,"column":77},"end":{"line":94,"column":10}}},"7":{"name":"(anonymous_7)","line":112,"loc":{"start":{"line":112,"column":83},"end":{"line":115,"column":10}},"skip":true},"8":{"name":"(anonymous_8)","line":123,"loc":{"start":{"line":123,"column":77},"end":{"line":126,"column":10}},"skip":true},"9":{"name":"(anonymous_9)","line":139,"loc":{"start":{"line":139,"column":12},"end":{"line":139,"column":40}},"skip":true},"10":{"name":"(anonymous_10)","line":147,"loc":{"start":{"line":147,"column":77},"end":{"line":150,"column":10}},"skip":true},"11":{"name":"(anonymous_11)","line":158,"loc":{"start":{"line":158,"column":83},"end":{"line":161,"column":10}},"skip":true},"12":{"name":"(anonymous_12)","line":169,"loc":{"start":{"line":169,"column":79},"end":{"line":172,"column":10}},"skip":true},"13":{"name":"(anonymous_13)","line":180,"loc":{"start":{"line":180,"column":75},"end":{"line":183,"column":10}},"skip":true}},"statementMap":{"1":{"start":{"line":12,"column":0},"end":{"line":195,"column":5}},"2":{"start":{"line":14,"column":4},"end":{"line":14,"column":14}},"3":{"start":{"line":19,"column":4},"end":{"line":56,"column":9}},"4":{"start":{"line":21,"column":8},"end":{"line":21,"column":19}},"5":{"start":{"line":23,"column":8},"end":{"line":35,"column":13}},"6":{"start":{"line":24,"column":12},"end":{"line":34,"column":13}},"7":{"start":{"line":25,"column":16},"end":{"line":28,"column":30}},"8":{"start":{"line":30,"column":16},"end":{"line":33,"column":27}},"9":{"start":{"line":37,"column":8},"end":{"line":39,"column":21}},"10":{"start":{"line":40,"column":8},"end":{"line":53,"column":9}},"11":{"start":{"line":43,"column":12},"end":{"line":46,"column":14}},"12":{"start":{"line":47,"column":12},"end":{"line":47,"column":18}},"13":{"start":{"line":50,"column":12},"end":{"line":51,"column":46}},"14":{"start":{"line":52,"column":12},"end":{"line":52,"column":18}},"15":{"start":{"line":55,"column":8},"end":{"line":55,"column":35}},"16":{"start":{"line":61,"column":4},"end":{"line":63,"column":9}},"17":{"start":{"line":62,"column":8},"end":{"line":62,"column":15}},"18":{"start":{"line":64,"column":4},"end":{"line":77,"column":5}},"19":{"start":{"line":70,"column":8},"end":{"line":70,"column":14}},"20":{"start":{"line":76,"column":8},"end":{"line":76,"column":14}},"21":{"start":{"line":82,"column":4},"end":{"line":84,"column":9}},"22":{"start":{"line":83,"column":8},"end":{"line":83,"column":15}},"23":{"start":{"line":85,"column":4},"end":{"line":194,"column":5}},"24":{"start":{"line":91,"column":8},"end":{"line":99,"column":10}},"25":{"start":{"line":98,"column":12},"end":{"line":98,"column":35}},"26":{"start":{"line":102,"column":8},"end":{"line":104,"column":63}},"27":{"start":{"line":105,"column":8},"end":{"line":105,"column":14}},"28":{"start":{"line":112,"column":8},"end":{"line":121,"column":10},"skip":true},"29":{"start":{"line":119,"column":12},"end":{"line":119,"column":55},"skip":true},"30":{"start":{"line":120,"column":12},"end":{"line":120,"column":48},"skip":true},"31":{"start":{"line":123,"column":8},"end":{"line":136,"column":10},"skip":true},"32":{"start":{"line":130,"column":12},"end":{"line":130,"column":76},"skip":true},"33":{"start":{"line":131,"column":12},"end":{"line":131,"column":73},"skip":true},"34":{"start":{"line":132,"column":12},"end":{"line":132,"column":74},"skip":true},"35":{"start":{"line":133,"column":12},"end":{"line":133,"column":79},"skip":true},"36":{"start":{"line":134,"column":12},"end":{"line":134,"column":25},"skip":true},"37":{"start":{"line":135,"column":12},"end":{"line":135,"column":45},"skip":true},"38":{"start":{"line":138,"column":8},"end":{"line":145,"column":14},"skip":true},"39":{"start":{"line":143,"column":16},"end":{"line":143,"column":29},"skip":true},"40":{"start":{"line":144,"column":16},"end":{"line":144,"column":55},"skip":true},"41":{"start":{"line":147,"column":8},"end":{"line":156,"column":10},"skip":true},"42":{"start":{"line":154,"column":12},"end":{"line":154,"column":25},"skip":true},"43":{"start":{"line":155,"column":12},"end":{"line":155,"column":45},"skip":true},"44":{"start":{"line":158,"column":8},"end":{"line":167,"column":10},"skip":true},"45":{"start":{"line":165,"column":12},"end":{"line":165,"column":25},"skip":true},"46":{"start":{"line":166,"column":12},"end":{"line":166,"column":48},"skip":true},"47":{"start":{"line":169,"column":8},"end":{"line":178,"column":10},"skip":true},"48":{"start":{"line":176,"column":12},"end":{"line":176,"column":25},"skip":true},"49":{"start":{"line":177,"column":12},"end":{"line":177,"column":46},"skip":true},"50":{"start":{"line":180,"column":8},"end":{"line":189,"column":10},"skip":true},"51":{"start":{"line":187,"column":12},"end":{"line":187,"column":94},"skip":true},"52":{"start":{"line":188,"column":12},"end":{"line":188,"column":48},"skip":true},"53":{"start":{"line":192,"column":8},"end":{"line":192,"column":35},"skip":true},"54":{"start":{"line":193,"column":8},"end":{"line":193,"column":14},"skip":true}},"branchMap":{"1":{"line":25,"type":"binary-expr","locations":[{"start":{"line":25,"column":23},"end":{"line":25,"column":62}},{"start":{"line":26,"column":20},"end":{"line":26,"column":70}},{"start":{"line":27,"column":20},"end":{"line":27,"column":71}},{"start":{"line":28,"column":20},"end":{"line":28,"column":29}}]},"2":{"line":30,"type":"binary-expr","locations":[{"start":{"line":30,"column":23},"end":{"line":30,"column":37}},{"start":{"line":31,"column":20},"end":{"line":31,"column":61}},{"start":{"line":32,"column":20},"end":{"line":32,"column":70}},{"start":{"line":33,"column":20},"end":{"line":33,"column":26}}]},"3":{"line":37,"type":"cond-expr","locations":[{"start":{"line":38,"column":14},"end":{"line":38,"column":20}},{"start":{"line":39,"column":14},"end":{"line":39,"column":20}}]},"4":{"line":40,"type":"switch","locations":[{"start":{"line":42,"column":8},"end":{"line":47,"column":18}},{"start":{"line":49,"column":8},"end":{"line":52,"column":18}}]},"5":{"line":44,"type":"binary-expr","locations":[{"start":{"line":44,"column":16},"end":{"line":44,"column":44}},{"start":{"line":44,"column":48},"end":{"line":44,"column":66}}]},"6":{"line":50,"type":"binary-expr","locations":[{"start":{"line":50,"column":21},"end":{"line":50,"column":49}},{"start":{"line":50,"column":53},"end":{"line":50,"column":72}}]},"7":{"line":64,"type":"switch","locations":[{"start":{"line":69,"column":4},"end":{"line":70,"column":14}},{"start":{"line":75,"column":4},"end":{"line":76,"column":14}}]},"8":{"line":85,"type":"switch","locations":[{"start":{"line":90,"column":4},"end":{"line":105,"column":14}},{"start":{"line":111,"column":4},"end":{"line":193,"column":14},"skip":true}]},"9":{"line":91,"type":"binary-expr","locations":[{"start":{"line":91,"column":42},"end":{"line":91,"column":73}},{"start":{"line":91,"column":77},"end":{"line":99,"column":9}}]},"10":{"line":102,"type":"binary-expr","locations":[{"start":{"line":102,"column":18},"end":{"line":102,"column":32}},{"start":{"line":103,"column":12},"end":{"line":103,"column":53}},{"start":{"line":104,"column":12},"end":{"line":104,"column":61}}]},"11":{"line":112,"type":"binary-expr","locations":[{"start":{"line":112,"column":45},"end":{"line":112,"column":79},"skip":true},{"start":{"line":112,"column":83},"end":{"line":121,"column":9},"skip":true}]},"12":{"line":123,"type":"binary-expr","locations":[{"start":{"line":123,"column":42},"end":{"line":123,"column":73},"skip":true},{"start":{"line":123,"column":77},"end":{"line":136,"column":9},"skip":true}]},"13":{"line":138,"type":"binary-expr","locations":[{"start":{"line":138,"column":48},"end":{"line":138,"column":85},"skip":true},{"start":{"line":139,"column":12},"end":{"line":145,"column":13},"skip":true}]},"14":{"line":147,"type":"binary-expr","locations":[{"start":{"line":147,"column":42},"end":{"line":147,"column":73},"skip":true},{"start":{"line":147,"column":77},"end":{"line":156,"column":9},"skip":true}]},"15":{"line":158,"type":"binary-expr","locations":[{"start":{"line":158,"column":45},"end":{"line":158,"column":79},"skip":true},{"start":{"line":158,"column":83},"end":{"line":167,"column":9},"skip":true}]},"16":{"line":169,"type":"binary-expr","locations":[{"start":{"line":169,"column":43},"end":{"line":169,"column":75},"skip":true},{"start":{"line":169,"column":79},"end":{"line":178,"column":9},"skip":true}]},"17":{"line":180,"type":"binary-expr","locations":[{"start":{"line":180,"column":41},"end":{"line":180,"column":71},"skip":true},{"start":{"line":180,"column":75},"end":{"line":189,"column":9},"skip":true}]}},"code":["/* istanbul instrument in package npmtest_googlemaps */","/*jslint","    bitwise: true,","    browser: true,","    maxerr: 8,","    maxlen: 96,","    node: true,","    nomen: true,","    regexp: true,","    stupid: true","*/","(function () {","    'use strict';","    var local;","","","","    // run shared js-env code - pre-init","    (function () {","        // init local","        local = {};","        // init modeJs","        local.modeJs = (function () {","            try {","                return typeof navigator.userAgent === 'string' &&","                    typeof document.querySelector('body') === 'object' &&","                    typeof XMLHttpRequest.prototype.open === 'function' &&","                    'browser';","            } catch (errorCaughtBrowser) {","                return module.exports &&","                    typeof process.versions.node === 'string' &&","                    typeof require('http').createServer === 'function' &&","                    'node';","            }","        }());","        // init global","        local.global = local.modeJs === 'browser'","            ? window","            : global;","        switch (local.modeJs) {","        // re-init local from window.local","        case 'browser':","            local = local.global.utility2.objectSetDefault(","                local.global.utility2_rollup || local.global.local,","                local.global.utility2","            );","            break;","        // re-init local from example.js","        case 'node':","            local = (local.global.utility2_rollup || require('utility2'))","                .requireExampleJsFromReadme();","            break;","        }","        // export local","        local.global.local = local;","    }());","","","","    // run shared js-env code - function","    (function () {","        return;","    }());","    switch (local.modeJs) {","","","","    // run browser js-env code - function","    case 'browser':","        break;","","","","    // run node js-env code - function","    case 'node':","        break;","    }","","","","    // run shared js-env code - post-init","    (function () {","        return;","    }());","    switch (local.modeJs) {","","","","    // run browser js-env code - post-init","    case 'browser':","        local.testCase_browser_nullCase = local.testCase_browser_nullCase || function (","            options,","            onError","        ) {","        /*","         * this function will test browsers's null-case handling-behavior-behavior","         */","            onError(null, options);","        };","","        // run tests","        local.nop(local.modeTest &&","            document.querySelector('#testRunButton1') &&","            document.querySelector('#testRunButton1').click());","        break;","","","","    // run node js-env code - post-init","    /* istanbul ignore next */","    case 'node':","        local.testCase_buildApidoc_default = local.testCase_buildApidoc_default || function (","            options,","            onError","        ) {","        /*","         * this function will test buildApidoc's default handling-behavior-behavior","         */","            options = { modulePathList: module.paths };","            local.buildApidoc(options, onError);","        };","","        local.testCase_buildApp_default = local.testCase_buildApp_default || function (","            options,","            onError","        ) {","        /*","         * this function will test buildApp's default handling-behavior-behavior","         */","            local.testCase_buildReadme_default(options, local.onErrorThrow);","            local.testCase_buildLib_default(options, local.onErrorThrow);","            local.testCase_buildTest_default(options, local.onErrorThrow);","            local.testCase_buildCustomOrg_default(options, local.onErrorThrow);","            options = [];","            local.buildApp(options, onError);","        };","","        local.testCase_buildCustomOrg_default = local.testCase_buildCustomOrg_default ||","            function (options, onError) {","            /*","             * this function will test buildCustomOrg's default handling-behavior","             */","                options = {};","                local.buildCustomOrg(options, onError);","            };","","        local.testCase_buildLib_default = local.testCase_buildLib_default || function (","            options,","            onError","        ) {","        /*","         * this function will test buildLib's default handling-behavior","         */","            options = {};","            local.buildLib(options, onError);","        };","","        local.testCase_buildReadme_default = local.testCase_buildReadme_default || function (","            options,","            onError","        ) {","        /*","         * this function will test buildReadme's default handling-behavior-behavior","         */","            options = {};","            local.buildReadme(options, onError);","        };","","        local.testCase_buildTest_default = local.testCase_buildTest_default || function (","            options,","            onError","        ) {","        /*","         * this function will test buildTest's default handling-behavior","         */","            options = {};","            local.buildTest(options, onError);","        };","","        local.testCase_webpage_default = local.testCase_webpage_default || function (","            options,","            onError","        ) {","        /*","         * this function will test webpage's default handling-behavior","         */","            options = { modeCoverageMerge: true, url: local.serverLocalHost + '?modeTest=1' };","            local.browserTest(options, onError);","        };","","        // run test-server","        local.testRunServer(local);","        break;","    }","}());",""],"l":{"12":2,"14":2,"19":2,"21":2,"23":2,"24":2,"25":2,"30":1,"37":2,"40":2,"43":1,"47":1,"50":1,"52":1,"55":2,"61":2,"62":2,"64":2,"70":1,"76":1,"82":2,"83":2,"85":2,"91":1,"98":1,"102":1,"105":1,"112":1,"119":1,"120":1,"123":1,"130":1,"131":1,"132":1,"133":1,"134":1,"135":1,"138":1,"143":2,"144":2,"147":1,"154":2,"155":2,"158":1,"165":2,"166":2,"169":1,"176":2,"177":2,"180":1,"187":1,"188":1,"192":1,"193":1}},"/home/travis/build/npmtest/node-npmtest-googlemaps/lib.npmtest_googlemaps.js":{"path":"/home/travis/build/npmtest/node-npmtest-googlemaps/lib.npmtest_googlemaps.js","s":{"1":2,"2":2,"3":2,"4":2,"5":2,"6":2,"7":2,"8":1,"9":2,"10":2,"11":2,"12":2,"13":1,"14":1,"15":1,"16":1},"b":{"1":[2,1,1,1],"2":[1,1,1,1],"3":[1,1],"4":[2,2],"5":[1,1]},"f":{"1":2,"2":2,"3":2},"fnMap":{"1":{"name":"(anonymous_1)","line":12,"loc":{"start":{"line":12,"column":1},"end":{"line":12,"column":13}}},"2":{"name":"(anonymous_2)","line":19,"loc":{"start":{"line":19,"column":5},"end":{"line":19,"column":17}}},"3":{"name":"(anonymous_3)","line":23,"loc":{"start":{"line":23,"column":24},"end":{"line":23,"column":36}}}},"statementMap":{"1":{"start":{"line":12,"column":0},"end":{"line":53,"column":5}},"2":{"start":{"line":14,"column":4},"end":{"line":14,"column":14}},"3":{"start":{"line":19,"column":4},"end":{"line":52,"column":9}},"4":{"start":{"line":21,"column":8},"end":{"line":21,"column":19}},"5":{"start":{"line":23,"column":8},"end":{"line":35,"column":13}},"6":{"start":{"line":24,"column":12},"end":{"line":34,"column":13}},"7":{"start":{"line":25,"column":16},"end":{"line":28,"column":30}},"8":{"start":{"line":30,"column":16},"end":{"line":33,"column":27}},"9":{"start":{"line":37,"column":8},"end":{"line":39,"column":21}},"10":{"start":{"line":41,"column":8},"end":{"line":41,"column":54}},"11":{"start":{"line":43,"column":8},"end":{"line":43,"column":55}},"12":{"start":{"line":45,"column":8},"end":{"line":51,"column":9}},"13":{"start":{"line":46,"column":12},"end":{"line":46,"column":61}},"14":{"start":{"line":48,"column":12},"end":{"line":48,"column":35}},"15":{"start":{"line":49,"column":12},"end":{"line":49,"column":49}},"16":{"start":{"line":50,"column":12},"end":{"line":50,"column":43}}},"branchMap":{"1":{"line":25,"type":"binary-expr","locations":[{"start":{"line":25,"column":23},"end":{"line":25,"column":62}},{"start":{"line":26,"column":20},"end":{"line":26,"column":70}},{"start":{"line":27,"column":20},"end":{"line":27,"column":71}},{"start":{"line":28,"column":20},"end":{"line":28,"column":29}}]},"2":{"line":30,"type":"binary-expr","locations":[{"start":{"line":30,"column":23},"end":{"line":30,"column":37}},{"start":{"line":31,"column":20},"end":{"line":31,"column":61}},{"start":{"line":32,"column":20},"end":{"line":32,"column":70}},{"start":{"line":33,"column":20},"end":{"line":33,"column":26}}]},"3":{"line":37,"type":"cond-expr","locations":[{"start":{"line":38,"column":14},"end":{"line":38,"column":20}},{"start":{"line":39,"column":14},"end":{"line":39,"column":20}}]},"4":{"line":41,"type":"binary-expr","locations":[{"start":{"line":41,"column":16},"end":{"line":41,"column":44}},{"start":{"line":41,"column":48},"end":{"line":41,"column":53}}]},"5":{"line":45,"type":"if","locations":[{"start":{"line":45,"column":8},"end":{"line":45,"column":8}},{"start":{"line":45,"column":8},"end":{"line":45,"column":8}}]}},"code":["/* istanbul instrument in package npmtest_googlemaps */","/*jslint","    bitwise: true,","    browser: true,","    maxerr: 8,","    maxlen: 96,","    node: true,","    nomen: true,","    regexp: true,","    stupid: true","*/","(function () {","    'use strict';","    var local;","","","","    // run shared js-env code - pre-init","    (function () {","        // init local","        local = {};","        // init modeJs","        local.modeJs = (function () {","            try {","                return typeof navigator.userAgent === 'string' &&","                    typeof document.querySelector('body') === 'object' &&","                    typeof XMLHttpRequest.prototype.open === 'function' &&","                    'browser';","            } catch (errorCaughtBrowser) {","                return module.exports &&","                    typeof process.versions.node === 'string' &&","                    typeof require('http').createServer === 'function' &&","                    'node';","            }","        }());","        // init global","        local.global = local.modeJs === 'browser'","            ? window","            : global;","        // init utility2_rollup","        local = local.global.utility2_rollup || local;","        // init lib","        local.local = local.npmtest_googlemaps = local;","        // init exports","        if (local.modeJs === 'browser') {","            local.global.utility2_npmtest_googlemaps = local;","        } else {","            module.exports = local;","            module.exports.__dirname = __dirname;","            module.exports.module = module;","        }","    }());","}());",""],"l":{"12":2,"14":2,"19":2,"21":2,"23":2,"24":2,"25":2,"30":1,"37":2,"41":2,"43":2,"45":2,"46":1,"48":1,"49":1,"50":1}},"/home/travis/build/npmtest/node-npmtest-googlemaps/example.js":{"path":"/home/travis/build/npmtest/node-npmtest-googlemaps/example.js","s":{"1":2,"2":2,"3":2,"4":2,"5":2,"6":2,"7":2,"8":1,"9":2,"10":2,"11":2,"12":2,"13":1,"14":2,"15":2,"16":2,"17":2,"18":2,"19":0,"20":2,"21":1,"22":1,"23":1,"24":1,"25":1,"26":0,"27":0,"28":1,"29":1,"30":2,"31":0,"32":0,"33":0,"34":1,"35":2,"36":2,"37":3,"38":3,"39":3,"40":3,"41":0,"42":3,"43":3,"44":3,"45":1,"46":3,"47":1,"48":1,"49":1,"50":1,"51":1,"52":1,"53":1,"54":1,"55":1,"56":1,"57":0,"58":1,"59":6,"60":6,"61":1,"62":2,"63":0,"64":2,"65":1,"66":1,"67":0,"68":0,"69":0,"70":0,"71":0,"72":0,"73":0,"74":0,"75":0,"76":0,"77":0,"78":0,"79":0,"80":0,"81":0,"82":0,"83":0},"b":{"1":[2,1,1,1],"2":[1,1,1,1],"3":[1,1],"4":[2,2],"5":[1,1],"6":[1,1],"7":[2,0],"8":[2,1,1,1,1,1],"9":[0,2,0],"10":[1,1],"11":[2,1,1],"12":[1,0],"13":[0,2],"14":[2,0,0,0,0,0,0],"15":[0,3],"16":[3,0],"17":[1,1],"18":[0,1],"19":[1,2,0,2],"20":[1,0],"21":[1,1],"22":[0,0],"23":[0,0],"24":[0,0],"25":[0,0],"26":[0,0],"27":[0,0],"28":[0,0]},"f":{"1":2,"2":2,"3":2,"4":2,"5":2,"6":2,"7":3,"8":3,"9":3,"10":1,"11":6,"12":0},"fnMap":{"1":{"name":"(anonymous_1)","line":26,"loc":{"start":{"line":26,"column":1},"end":{"line":26,"column":13}}},"2":{"name":"(anonymous_2)","line":33,"loc":{"start":{"line":33,"column":5},"end":{"line":33,"column":17}}},"3":{"name":"(anonymous_3)","line":37,"loc":{"start":{"line":37,"column":24},"end":{"line":37,"column":36}}},"4":{"name":"(anonymous_4)","line":69,"loc":{"start":{"line":69,"column":31},"end":{"line":69,"column":48}},"skip":true},"5":{"name":"(anonymous_5)","line":78,"loc":{"start":{"line":78,"column":26},"end":{"line":78,"column":45}},"skip":true},"6":{"name":"(anonymous_6)","line":123,"loc":{"start":{"line":123,"column":33},"end":{"line":123,"column":48}},"skip":true},"7":{"name":"(anonymous_7)","line":125,"loc":{"start":{"line":125,"column":27},"end":{"line":125,"column":39}},"skip":true},"8":{"name":"(anonymous_8)","line":133,"loc":{"start":{"line":133,"column":59},"end":{"line":133,"column":74}},"skip":true},"9":{"name":"(anonymous_9)","line":143,"loc":{"start":{"line":143,"column":45},"end":{"line":143,"column":62}},"skip":true},"10":{"name":"(anonymous_10)","line":144,"loc":{"start":{"line":144,"column":73},"end":{"line":144,"column":92}},"skip":true},"11":{"name":"(anonymous_11)","line":272,"loc":{"start":{"line":272,"column":51},"end":{"line":272,"column":77}},"skip":true},"12":{"name":"(anonymous_12)","line":315,"loc":{"start":{"line":315,"column":32},"end":{"line":315,"column":61}},"skip":true}},"statementMap":{"1":{"start":{"line":26,"column":0},"end":{"line":326,"column":5}},"2":{"start":{"line":28,"column":4},"end":{"line":28,"column":14}},"3":{"start":{"line":33,"column":4},"end":{"line":60,"column":9}},"4":{"start":{"line":35,"column":8},"end":{"line":35,"column":19}},"5":{"start":{"line":37,"column":8},"end":{"line":49,"column":13}},"6":{"start":{"line":38,"column":12},"end":{"line":48,"column":13}},"7":{"start":{"line":39,"column":16},"end":{"line":42,"column":30}},"8":{"start":{"line":44,"column":16},"end":{"line":47,"column":27}},"9":{"start":{"line":51,"column":8},"end":{"line":53,"column":21}},"10":{"start":{"line":55,"column":8},"end":{"line":57,"column":45}},"11":{"start":{"line":59,"column":8},"end":{"line":59,"column":35}},"12":{"start":{"line":61,"column":4},"end":{"line":325,"column":5}},"13":{"start":{"line":69,"column":8},"end":{"line":121,"column":10},"skip":true},"14":{"start":{"line":70,"column":12},"end":{"line":88,"column":13},"skip":true},"15":{"start":{"line":76,"column":16},"end":{"line":87,"column":19},"skip":true},"16":{"start":{"line":79,"column":20},"end":{"line":86,"column":21},"skip":true},"17":{"start":{"line":82,"column":24},"end":{"line":82,"column":43},"skip":true},"18":{"start":{"line":83,"column":24},"end":{"line":83,"column":30},"skip":true},"19":{"start":{"line":85,"column":24},"end":{"line":85,"column":49},"skip":true},"20":{"start":{"line":89,"column":12},"end":{"line":107,"column":13},"skip":true},"21":{"start":{"line":92,"column":16},"end":{"line":102,"column":17},"skip":true},"22":{"start":{"line":93,"column":20},"end":{"line":93,"column":86},"skip":true},"23":{"start":{"line":94,"column":20},"end":{"line":95,"column":45},"skip":true},"24":{"start":{"line":96,"column":20},"end":{"line":96,"column":42},"skip":true},"25":{"start":{"line":97,"column":20},"end":{"line":97,"column":48},"skip":true},"26":{"start":{"line":100,"column":20},"end":{"line":100,"column":85},"skip":true},"27":{"start":{"line":101,"column":20},"end":{"line":101,"column":96},"skip":true},"28":{"start":{"line":103,"column":16},"end":{"line":103,"column":22},"skip":true},"29":{"start":{"line":106,"column":16},"end":{"line":106,"column":22},"skip":true},"30":{"start":{"line":108,"column":12},"end":{"line":120,"column":13},"skip":true},"31":{"start":{"line":114,"column":16},"end":{"line":119,"column":17},"skip":true},"32":{"start":{"line":116,"column":20},"end":{"line":116,"column":78},"skip":true},"33":{"start":{"line":118,"column":20},"end":{"line":118,"column":47},"skip":true},"34":{"start":{"line":123,"column":8},"end":{"line":141,"column":11},"skip":true},"35":{"start":{"line":124,"column":12},"end":{"line":124,"column":54},"skip":true},"36":{"start":{"line":125,"column":12},"end":{"line":140,"column":14},"skip":true},"37":{"start":{"line":126,"column":16},"end":{"line":126,"column":28},"skip":true},"38":{"start":{"line":127,"column":16},"end":{"line":127,"column":69},"skip":true},"39":{"start":{"line":128,"column":16},"end":{"line":128,"column":75},"skip":true},"40":{"start":{"line":129,"column":16},"end":{"line":131,"column":17},"skip":true},"41":{"start":{"line":130,"column":20},"end":{"line":130,"column":27},"skip":true},"42":{"start":{"line":133,"column":16},"end":{"line":137,"column":36},"skip":true},"43":{"start":{"line":134,"column":20},"end":{"line":136,"column":55},"skip":true},"44":{"start":{"line":139,"column":16},"end":{"line":139,"column":57},"skip":true},"45":{"start":{"line":143,"column":8},"end":{"line":147,"column":11},"skip":true},"46":{"start":{"line":144,"column":12},"end":{"line":146,"column":15},"skip":true},"47":{"start":{"line":145,"column":16},"end":{"line":145,"column":70},"skip":true},"48":{"start":{"line":149,"column":8},"end":{"line":149,"column":31},"skip":true},"49":{"start":{"line":150,"column":8},"end":{"line":150,"column":14},"skip":true},"50":{"start":{"line":158,"column":8},"end":{"line":158,"column":31},"skip":true},"51":{"start":{"line":160,"column":8},"end":{"line":160,"column":33},"skip":true},"52":{"start":{"line":161,"column":8},"end":{"line":161,"column":37},"skip":true},"53":{"start":{"line":162,"column":8},"end":{"line":162,"column":35},"skip":true},"54":{"start":{"line":164,"column":8},"end":{"line":164,"column":50},"skip":true},"55":{"start":{"line":166,"column":8},"end":{"line":256,"column":2},"skip":true},"56":{"start":{"line":258,"column":8},"end":{"line":286,"column":9},"skip":true},"57":{"start":{"line":259,"column":12},"end":{"line":269,"column":14},"skip":true},"58":{"start":{"line":271,"column":12},"end":{"line":285,"column":19},"skip":true},"59":{"start":{"line":274,"column":20},"end":{"line":274,"column":35},"skip":true},"60":{"start":{"line":275,"column":20},"end":{"line":284,"column":21},"skip":true},"61":{"start":{"line":277,"column":24},"end":{"line":277,"column":64},"skip":true},"62":{"start":{"line":279,"column":24},"end":{"line":279,"column":40},"skip":true},"63":{"start":{"line":281,"column":24},"end":{"line":281,"column":40},"skip":true},"64":{"start":{"line":283,"column":24},"end":{"line":283,"column":39},"skip":true},"65":{"start":{"line":288,"column":8},"end":{"line":290,"column":9},"skip":true},"66":{"start":{"line":289,"column":12},"end":{"line":289,"column":18},"skip":true},"67":{"start":{"line":291,"column":8},"end":{"line":293,"column":54},"skip":true},"68":{"start":{"line":296,"column":8},"end":{"line":301,"column":37},"skip":true},"69":{"start":{"line":303,"column":8},"end":{"line":303,"column":82},"skip":true},"70":{"start":{"line":306,"column":8},"end":{"line":308,"column":9},"skip":true},"71":{"start":{"line":307,"column":12},"end":{"line":307,"column":82},"skip":true},"72":{"start":{"line":310,"column":8},"end":{"line":312,"column":9},"skip":true},"73":{"start":{"line":311,"column":12},"end":{"line":311,"column":18},"skip":true},"74":{"start":{"line":313,"column":8},"end":{"line":313,"column":54},"skip":true},"75":{"start":{"line":314,"column":8},"end":{"line":314,"column":69},"skip":true},"76":{"start":{"line":315,"column":8},"end":{"line":323,"column":36},"skip":true},"77":{"start":{"line":316,"column":12},"end":{"line":316,"column":61},"skip":true},"78":{"start":{"line":317,"column":12},"end":{"line":320,"column":13},"skip":true},"79":{"start":{"line":318,"column":16},"end":{"line":318,"column":75},"skip":true},"80":{"start":{"line":319,"column":16},"end":{"line":319,"column":23},"skip":true},"81":{"start":{"line":321,"column":12},"end":{"line":321,"column":38},"skip":true},"82":{"start":{"line":322,"column":12},"end":{"line":322,"column":27},"skip":true},"83":{"start":{"line":324,"column":8},"end":{"line":324,"column":14},"skip":true}},"branchMap":{"1":{"line":39,"type":"binary-expr","locations":[{"start":{"line":39,"column":23},"end":{"line":39,"column":62}},{"start":{"line":40,"column":20},"end":{"line":40,"column":70}},{"start":{"line":41,"column":20},"end":{"line":41,"column":71}},{"start":{"line":42,"column":20},"end":{"line":42,"column":29}}]},"2":{"line":44,"type":"binary-expr","locations":[{"start":{"line":44,"column":23},"end":{"line":44,"column":37}},{"start":{"line":45,"column":20},"end":{"line":45,"column":61}},{"start":{"line":46,"column":20},"end":{"line":46,"column":70}},{"start":{"line":47,"column":20},"end":{"line":47,"column":26}}]},"3":{"line":51,"type":"cond-expr","locations":[{"start":{"line":52,"column":14},"end":{"line":52,"column":20}},{"start":{"line":53,"column":14},"end":{"line":53,"column":20}}]},"4":{"line":55,"type":"binary-expr","locations":[{"start":{"line":55,"column":16},"end":{"line":55,"column":44}},{"start":{"line":55,"column":49},"end":{"line":57,"column":43}}]},"5":{"line":55,"type":"cond-expr","locations":[{"start":{"line":56,"column":14},"end":{"line":56,"column":54}},{"start":{"line":57,"column":14},"end":{"line":57,"column":43}}]},"6":{"line":61,"type":"switch","locations":[{"start":{"line":68,"column":4},"end":{"line":150,"column":14},"skip":true},{"start":{"line":156,"column":4},"end":{"line":324,"column":14},"skip":true}]},"7":{"line":70,"type":"if","locations":[{"start":{"line":70,"column":12},"end":{"line":70,"column":12},"skip":true},{"start":{"line":70,"column":12},"end":{"line":70,"column":12},"skip":true}]},"8":{"line":70,"type":"binary-expr","locations":[{"start":{"line":70,"column":16},"end":{"line":70,"column":22},"skip":true},{"start":{"line":70,"column":27},"end":{"line":70,"column":32},"skip":true},{"start":{"line":71,"column":20},"end":{"line":71,"column":39},"skip":true},{"start":{"line":72,"column":20},"end":{"line":72,"column":49},"skip":true},{"start":{"line":73,"column":20},"end":{"line":73,"column":58},"skip":true},{"start":{"line":74,"column":20},"end":{"line":74,"column":69},"skip":true}]},"9":{"line":79,"type":"switch","locations":[{"start":{"line":80,"column":20},"end":{"line":80,"column":33},"skip":true},{"start":{"line":81,"column":20},"end":{"line":83,"column":30},"skip":true},{"start":{"line":84,"column":20},"end":{"line":85,"column":49},"skip":true}]},"10":{"line":89,"type":"switch","locations":[{"start":{"line":90,"column":12},"end":{"line":103,"column":22},"skip":true},{"start":{"line":105,"column":12},"end":{"line":106,"column":22},"skip":true}]},"11":{"line":89,"type":"binary-expr","locations":[{"start":{"line":89,"column":20},"end":{"line":89,"column":25},"skip":true},{"start":{"line":89,"column":29},"end":{"line":89,"column":48},"skip":true},{"start":{"line":89,"column":52},"end":{"line":89,"column":74},"skip":true}]},"12":{"line":92,"type":"if","locations":[{"start":{"line":92,"column":16},"end":{"line":92,"column":16},"skip":true},{"start":{"line":92,"column":16},"end":{"line":92,"column":16},"skip":true}]},"13":{"line":108,"type":"if","locations":[{"start":{"line":108,"column":12},"end":{"line":108,"column":12},"skip":true},{"start":{"line":108,"column":12},"end":{"line":108,"column":12},"skip":true}]},"14":{"line":108,"type":"binary-expr","locations":[{"start":{"line":108,"column":16},"end":{"line":108,"column":61},"skip":true},{"start":{"line":108,"column":66},"end":{"line":108,"column":72},"skip":true},{"start":{"line":108,"column":77},"end":{"line":108,"column":82},"skip":true},{"start":{"line":109,"column":20},"end":{"line":109,"column":39},"skip":true},{"start":{"line":110,"column":20},"end":{"line":110,"column":49},"skip":true},{"start":{"line":111,"column":20},"end":{"line":111,"column":58},"skip":true},{"start":{"line":112,"column":20},"end":{"line":112,"column":68},"skip":true}]},"15":{"line":129,"type":"if","locations":[{"start":{"line":129,"column":16},"end":{"line":129,"column":16},"skip":true},{"start":{"line":129,"column":16},"end":{"line":129,"column":16},"skip":true}]},"16":{"line":134,"type":"cond-expr","locations":[{"start":{"line":135,"column":26},"end":{"line":135,"column":29},"skip":true},{"start":{"line":136,"column":26},"end":{"line":136,"column":54},"skip":true}]},"17":{"line":164,"type":"binary-expr","locations":[{"start":{"line":164,"column":27},"end":{"line":164,"column":43},"skip":true},{"start":{"line":164,"column":47},"end":{"line":164,"column":49},"skip":true}]},"18":{"line":258,"type":"if","locations":[{"start":{"line":258,"column":8},"end":{"line":258,"column":8},"skip":true},{"start":{"line":258,"column":8},"end":{"line":258,"column":8},"skip":true}]},"19":{"line":275,"type":"switch","locations":[{"start":{"line":276,"column":20},"end":{"line":277,"column":64},"skip":true},{"start":{"line":278,"column":20},"end":{"line":279,"column":40},"skip":true},{"start":{"line":280,"column":20},"end":{"line":281,"column":40},"skip":true},{"start":{"line":282,"column":20},"end":{"line":283,"column":39},"skip":true}]},"20":{"line":288,"type":"if","locations":[{"start":{"line":288,"column":8},"end":{"line":288,"column":8},"skip":true},{"start":{"line":288,"column":8},"end":{"line":288,"column":8},"skip":true}]},"21":{"line":288,"type":"binary-expr","locations":[{"start":{"line":288,"column":12},"end":{"line":288,"column":40},"skip":true},{"start":{"line":288,"column":44},"end":{"line":288,"column":67},"skip":true}]},"22":{"line":292,"type":"binary-expr","locations":[{"start":{"line":292,"column":12},"end":{"line":292,"column":50},"skip":true},{"start":{"line":293,"column":12},"end":{"line":293,"column":53},"skip":true}]},"23":{"line":297,"type":"binary-expr","locations":[{"start":{"line":297,"column":12},"end":{"line":297,"column":68},"skip":true},{"start":{"line":298,"column":12},"end":{"line":301,"column":36},"skip":true}]},"24":{"line":303,"type":"binary-expr","locations":[{"start":{"line":303,"column":43},"end":{"line":303,"column":75},"skip":true},{"start":{"line":303,"column":79},"end":{"line":303,"column":81},"skip":true}]},"25":{"line":306,"type":"if","locations":[{"start":{"line":306,"column":8},"end":{"line":306,"column":8},"skip":true},{"start":{"line":306,"column":8},"end":{"line":306,"column":8},"skip":true}]},"26":{"line":310,"type":"if","locations":[{"start":{"line":310,"column":8},"end":{"line":310,"column":8},"skip":true},{"start":{"line":310,"column":8},"end":{"line":310,"column":8},"skip":true}]},"27":{"line":313,"type":"binary-expr","locations":[{"start":{"line":313,"column":27},"end":{"line":313,"column":43},"skip":true},{"start":{"line":313,"column":47},"end":{"line":313,"column":53},"skip":true}]},"28":{"line":317,"type":"if","locations":[{"start":{"line":317,"column":12},"end":{"line":317,"column":12},"skip":true},{"start":{"line":317,"column":12},"end":{"line":317,"column":12},"skip":true}]}},"code":["/*","example.js","","quickstart example","","instruction","    1. save this script as example.js","    2. run the shell command:","        $ npm install npmtest-googlemaps && PORT=8081 node example.js","    3. play with the browser-demo on http://127.0.0.1:8081","*/","","","","/* istanbul instrument in package npmtest_googlemaps */","/*jslint","    bitwise: true,","    browser: true,","    maxerr: 8,","    maxlen: 96,","    node: true,","    nomen: true,","    regexp: true,","    stupid: true","*/","(function () {","    'use strict';","    var local;","","","","    // run shared js-env code - pre-init","    (function () {","        // init local","        local = {};","        // init modeJs","        local.modeJs = (function () {","            try {","                return typeof navigator.userAgent === 'string' &&","                    typeof document.querySelector('body') === 'object' &&","                    typeof XMLHttpRequest.prototype.open === 'function' &&","                    'browser';","            } catch (errorCaughtBrowser) {","                return module.exports &&","                    typeof process.versions.node === 'string' &&","                    typeof require('http').createServer === 'function' &&","                    'node';","            }","        }());","        // init global","        local.global = local.modeJs === 'browser'","            ? window","            : global;","        // init utility2_rollup","        local = local.global.utility2_rollup || (local.modeJs === 'browser'","            ? local.global.utility2_npmtest_googlemaps","            : global.utility2_moduleExports);","        // export local","        local.global.local = local;","    }());","    switch (local.modeJs) {","","","","    // post-init","    // run browser js-env code - post-init","    /* istanbul ignore next */","    case 'browser':","        local.testRunBrowser = function (event) {","            if (!event || (event &&","                    event.currentTarget &&","                    event.currentTarget.className &&","                    event.currentTarget.className.includes &&","                    event.currentTarget.className.includes('onreset'))) {","                // reset output","                Array.from(","                    document.querySelectorAll('body > .resettable')","                ).forEach(function (element) {","                    switch (element.tagName) {","                    case 'INPUT':","                    case 'TEXTAREA':","                        element.value = '';","                        break;","                    default:","                        element.textContent = '';","                    }","                });","            }","            switch (event && event.currentTarget && event.currentTarget.id) {","            case 'testRunButton1':","                // show tests","                if (document.querySelector('#testReportDiv1').style.display === 'none') {","                    document.querySelector('#testReportDiv1').style.display = 'block';","                    document.querySelector('#testRunButton1').textContent =","                        'hide internal test';","                    local.modeTest = true;","                    local.testRunDefault(local);","                // hide tests","                } else {","                    document.querySelector('#testReportDiv1').style.display = 'none';","                    document.querySelector('#testRunButton1').textContent = 'run internal test';","                }","                break;","            // custom-case","            default:","                break;","            }","            if (document.querySelector('#inputTextareaEval1') && (!event || (event &&","                    event.currentTarget &&","                    event.currentTarget.className &&","                    event.currentTarget.className.includes &&","                    event.currentTarget.className.includes('oneval')))) {","                // try to eval input-code","                try {","                    /*jslint evil: true*/","                    eval(document.querySelector('#inputTextareaEval1').value);","                } catch (errorCaught) {","                    console.error(errorCaught);","                }","            }","        };","        // log stderr and stdout to #outputTextareaStdout1","        ['error', 'log'].forEach(function (key) {","            console[key + '_original'] = console[key];","            console[key] = function () {","                var element;","                console[key + '_original'].apply(console, arguments);","                element = document.querySelector('#outputTextareaStdout1');","                if (!element) {","                    return;","                }","                // append text to #outputTextareaStdout1","                element.value += Array.from(arguments).map(function (arg) {","                    return typeof arg === 'string'","                        ? arg","                        : JSON.stringify(arg, null, 4);","                }).join(' ') + '\\n';","                // scroll textarea to bottom","                element.scrollTop = element.scrollHeight;","            };","        });","        // init event-handling","        ['change', 'click', 'keyup'].forEach(function (event) {","            Array.from(document.querySelectorAll('.on' + event)).forEach(function (element) {","                element.addEventListener(event, local.testRunBrowser);","            });","        });","        // run tests","        local.testRunBrowser();","        break;","","","","    // run node js-env code - post-init","    /* istanbul ignore next */","    case 'node':","        // export local","        module.exports = local;","        // require modules","        local.fs = require('fs');","        local.http = require('http');","        local.url = require('url');","        // init assets","        local.assetsDict = local.assetsDict || {};","        /* jslint-ignore-begin */","        local.assetsDict['/assets.index.template.html'] = '\\","<!doctype html>\\n\\","<html lang=\"en\">\\n\\","<head>\\n\\","<meta charset=\"UTF-8\">\\n\\","<meta name=\"viewport\" content=\"width=device-width, initial-scale=1\">\\n\\","<title>{{env.npm_package_name}} (v{{env.npm_package_version}})</title>\\n\\","<style>\\n\\","/*csslint\\n\\","    box-sizing: false,\\n\\","    universal-selector: false\\n\\","*/\\n\\","* {\\n\\","    box-sizing: border-box;\\n\\","}\\n\\","body {\\n\\","    background: #dde;\\n\\","    font-family: Arial, Helvetica, sans-serif;\\n\\","    margin: 2rem;\\n\\","}\\n\\","body > * {\\n\\","    margin-bottom: 1rem;\\n\\","}\\n\\",".utility2FooterDiv {\\n\\","    margin-top: 20px;\\n\\","    text-align: center;\\n\\","}\\n\\","</style>\\n\\","<style>\\n\\","/*csslint\\n\\","*/\\n\\","textarea {\\n\\","    font-family: monospace;\\n\\","    height: 10rem;\\n\\","    width: 100%;\\n\\","}\\n\\","textarea[readonly] {\\n\\","    background: #ddd;\\n\\","}\\n\\","</style>\\n\\","</head>\\n\\","<body>\\n\\","<!-- utility2-comment\\n\\","<div id=\"ajaxProgressDiv1\" style=\"background: #d00; height: 2px; left: 0; margin: 0; padding: 0; position: fixed; top: 0; transition: background 0.5s, width 1.5s; width: 25%;\"></div>\\n\\","utility2-comment -->\\n\\","<h1>\\n\\","<!-- utility2-comment\\n\\","    <a\\n\\","        {{#if env.npm_package_homepage}}\\n\\","        href=\"{{env.npm_package_homepage}}\"\\n\\","        {{/if env.npm_package_homepage}}\\n\\","        target=\"_blank\"\\n\\","    >\\n\\","utility2-comment -->\\n\\","        {{env.npm_package_name}} (v{{env.npm_package_version}})\\n\\","<!-- utility2-comment\\n\\","    </a>\\n\\","utility2-comment -->\\n\\","</h1>\\n\\","<h3>{{env.npm_package_description}}</h3>\\n\\","<!-- utility2-comment\\n\\","<h4><a download href=\"assets.app.js\">download standalone app</a></h4>\\n\\","<button class=\"onclick onreset\" id=\"testRunButton1\">run internal test</button><br>\\n\\","<div id=\"testReportDiv1\" style=\"display: none;\"></div>\\n\\","utility2-comment -->\\n\\","\\n\\","\\n\\","\\n\\","<label>stderr and stdout</label>\\n\\","<textarea class=\"resettable\" id=\"outputTextareaStdout1\" readonly></textarea>\\n\\","<!-- utility2-comment\\n\\","{{#if isRollup}}\\n\\","<script src=\"assets.app.js\"></script>\\n\\","{{#unless isRollup}}\\n\\","utility2-comment -->\\n\\","<script src=\"assets.utility2.rollup.js\"></script>\\n\\","<script src=\"jsonp.utility2._stateInit?callback=window.utility2._stateInit\"></script>\\n\\","<script src=\"assets.npmtest_googlemaps.rollup.js\"></script>\\n\\","<script src=\"assets.example.js\"></script>\\n\\","<script src=\"assets.test.js\"></script>\\n\\","<!-- utility2-comment\\n\\","{{/if isRollup}}\\n\\","utility2-comment -->\\n\\","<div class=\"utility2FooterDiv\">\\n\\","    [ this app was created with\\n\\","    <a href=\"https://github.com/kaizhu256/node-utility2\" target=\"_blank\">utility2</a>\\n\\","    ]\\n\\","</div>\\n\\","</body>\\n\\","</html>\\n\\","';","        /* jslint-ignore-end */","        if (local.templateRender) {","            local.assetsDict['/'] = local.templateRender(","                local.assetsDict['/assets.index.template.html'],","                {","                    env: local.objectSetDefault(local.env, {","                        npm_package_description: 'the greatest app in the world!',","                        npm_package_name: 'my-app',","                        npm_package_nameAlias: 'my_app',","                        npm_package_version: '0.0.1'","                    })","                }","            );","        } else {","            local.assetsDict['/'] = local.assetsDict['/assets.index.template.html']","                .replace((/\\{\\{env\\.(\\w+?)\\}\\}/g), function (match0, match1) {","                    // jslint-hack","                    String(match0);","                    switch (match1) {","                    case 'npm_package_description':","                        return 'the greatest app in the world!';","                    case 'npm_package_name':","                        return 'my-app';","                    case 'npm_package_nameAlias':","                        return 'my_app';","                    case 'npm_package_version':","                        return '0.0.1';","                    }","                });","        }","        // run the cli","        if (local.global.utility2_rollup || module !== require.main) {","            break;","        }","        local.assetsDict['/assets.example.js'] =","            local.assetsDict['/assets.example.js'] ||","            local.fs.readFileSync(__filename, 'utf8');","        // bug-workaround - long $npm_package_buildCustomOrg","        /* jslint-ignore-begin */","        local.assetsDict['/assets.npmtest_googlemaps.rollup.js'] =","            local.assetsDict['/assets.npmtest_googlemaps.rollup.js'] ||","            local.fs.readFileSync(","                local.npmtest_googlemaps.__dirname + '/lib.npmtest_googlemaps.js',","                'utf8'","            ).replace((/^#!/), '//');","        /* jslint-ignore-end */","        local.assetsDict['/favicon.ico'] = local.assetsDict['/favicon.ico'] || '';","        // if $npm_config_timeout_exit exists,","        // then exit this process after $npm_config_timeout_exit ms","        if (Number(process.env.npm_config_timeout_exit)) {","            setTimeout(process.exit, Number(process.env.npm_config_timeout_exit));","        }","        // start server","        if (local.global.utility2_serverHttp1) {","            break;","        }","        process.env.PORT = process.env.PORT || '8081';","        console.error('server starting on port ' + process.env.PORT);","        local.http.createServer(function (request, response) {","            request.urlParsed = local.url.parse(request.url);","            if (local.assetsDict[request.urlParsed.pathname] !== undefined) {","                response.end(local.assetsDict[request.urlParsed.pathname]);","                return;","            }","            response.statusCode = 404;","            response.end();","        }).listen(process.env.PORT);","        break;","    }","}());",""],"l":{"26":2,"28":2,"33":2,"35":2,"37":2,"38":2,"39":2,"44":1,"51":2,"55":2,"59":2,"61":2,"69":1,"70":2,"76":2,"79":2,"82":2,"83":2,"85":1,"89":2,"92":1,"93":1,"94":1,"96":1,"97":1,"100":1,"101":1,"103":1,"106":1,"108":2,"114":1,"116":1,"118":1,"123":1,"124":2,"125":2,"126":3,"127":3,"128":3,"129":3,"130":1,"133":3,"134":3,"139":3,"143":1,"144":3,"145":1,"149":1,"150":1,"158":1,"160":1,"161":1,"162":1,"164":1,"166":1,"258":1,"259":1,"271":1,"274":6,"275":6,"277":1,"279":2,"281":1,"283":2,"288":1,"289":1,"291":1,"296":1,"303":1,"306":1,"307":1,"310":1,"311":1,"313":1,"314":1,"315":1,"316":1,"317":1,"318":1,"319":1,"321":1,"322":1,"324":1}},"/home/travis/build/npmtest/node-npmtest-googlemaps/node_modules/googlemaps/lib/index.js":{"path":"/home/travis/build/npmtest/node-npmtest-googlemaps/node_modules/googlemaps/lib/index.js","s":{"1":1,"2":1,"3":1,"4":1,"5":1,"6":1,"7":1,"8":1,"9":1,"10":1,"11":1,"12":1,"13":1,"14":1,"15":0,"16":0,"17":0,"18":0,"19":0,"20":0,"21":0,"22":0,"23":0,"24":0,"25":0,"26":0,"27":0,"28":1,"29":1,"30":1,"31":1,"32":1,"33":1,"34":1,"35":1,"36":1,"37":1,"38":0,"39":1,"40":1,"41":1,"42":1,"43":0,"44":0,"45":0,"46":0,"47":0,"48":0,"49":0,"50":0,"51":1,"52":0,"53":0,"54":0,"55":0,"56":0,"57":1,"58":1,"59":0,"60":0,"61":0,"62":0,"63":0,"64":0,"65":0,"66":0,"67":0,"68":0,"69":0,"70":0,"71":0,"72":0,"73":0,"74":0,"75":0,"76":0,"77":0,"78":0,"79":0,"80":0,"81":0,"82":0,"83":0,"84":0,"85":0,"86":0,"87":0,"88":0,"89":0,"90":0,"91":0,"92":0,"93":0,"94":0,"95":0},"b":{"1":[0,0],"2":[0,0],"3":[0,0],"4":[0,0],"5":[0,0],"6":[0,0],"7":[0,0],"8":[0,0],"9":[0,0],"10":[0,0],"11":[0,0],"12":[0,0],"13":[0,0],"14":[0,0],"15":[0,0],"16":[0,0]},"f":{"1":0,"2":0,"3":0,"4":0,"5":0,"6":0,"7":0,"8":0,"9":0,"10":0,"11":0,"12":0},"fnMap":{"1":{"name":"(anonymous_1)","line":46,"loc":{"start":{"line":46,"column":20},"end":{"line":46,"column":46}}},"2":{"name":"(anonymous_2)","line":175,"loc":{"start":{"line":175,"column":44},"end":{"line":175,"column":71}}},"3":{"name":"(anonymous_3)","line":211,"loc":{"start":{"line":211,"column":78},"end":{"line":211,"column":94}}},"4":{"name":"(anonymous_4)","line":233,"loc":{"start":{"line":233,"column":47},"end":{"line":233,"column":63}}},"5":{"name":"(anonymous_5)","line":249,"loc":{"start":{"line":249,"column":25},"end":{"line":249,"column":84}}},"6":{"name":"(anonymous_6)","line":272,"loc":{"start":{"line":272,"column":31},"end":{"line":272,"column":54}}},"7":{"name":"(anonymous_7)","line":283,"loc":{"start":{"line":283,"column":14},"end":{"line":283,"column":29}}},"8":{"name":"(anonymous_8)","line":284,"loc":{"start":{"line":284,"column":13},"end":{"line":284,"column":25}}},"9":{"name":"(anonymous_9)","line":288,"loc":{"start":{"line":288,"column":22},"end":{"line":288,"column":39}}},"10":{"name":"(anonymous_10)","line":309,"loc":{"start":{"line":309,"column":7},"end":{"line":309,"column":25}}},"11":{"name":"(anonymous_11)","line":314,"loc":{"start":{"line":314,"column":17},"end":{"line":314,"column":40}}},"12":{"name":"(anonymous_12)","line":322,"loc":{"start":{"line":322,"column":19},"end":{"line":322,"column":30}}}},"statementMap":{"1":{"start":{"line":4,"column":0},"end":{"line":4,"column":40}},"2":{"start":{"line":5,"column":0},"end":{"line":5,"column":41}},"3":{"start":{"line":6,"column":0},"end":{"line":6,"column":44}},"4":{"start":{"line":11,"column":0},"end":{"line":11,"column":55}},"5":{"start":{"line":12,"column":0},"end":{"line":12,"column":56}},"6":{"start":{"line":13,"column":0},"end":{"line":13,"column":54}},"7":{"start":{"line":14,"column":0},"end":{"line":14,"column":59}},"8":{"start":{"line":15,"column":0},"end":{"line":15,"column":55}},"9":{"start":{"line":16,"column":0},"end":{"line":16,"column":54}},"10":{"start":{"line":19,"column":0},"end":{"line":19,"column":59}},"11":{"start":{"line":20,"column":0},"end":{"line":20,"column":59}},"12":{"start":{"line":21,"column":0},"end":{"line":21,"column":58}},"13":{"start":{"line":23,"column":0},"end":{"line":39,"column":1}},"14":{"start":{"line":46,"column":0},"end":{"line":76,"column":2}},"15":{"start":{"line":48,"column":2},"end":{"line":48,"column":16}},"16":{"start":{"line":50,"column":2},"end":{"line":52,"column":3}},"17":{"start":{"line":51,"column":4},"end":{"line":51,"column":16}},"18":{"start":{"line":54,"column":2},"end":{"line":54,"column":56}},"19":{"start":{"line":56,"column":2},"end":{"line":59,"column":3}},"20":{"start":{"line":57,"column":4},"end":{"line":57,"column":44}},"21":{"start":{"line":58,"column":4},"end":{"line":58,"column":46}},"22":{"start":{"line":64,"column":2},"end":{"line":64,"column":87}},"23":{"start":{"line":66,"column":2},"end":{"line":68,"column":3}},"24":{"start":{"line":67,"column":4},"end":{"line":67,"column":43}},"25":{"start":{"line":70,"column":2},"end":{"line":72,"column":3}},"26":{"start":{"line":71,"column":4},"end":{"line":71,"column":29}},"27":{"start":{"line":74,"column":2},"end":{"line":74,"column":25}},"28":{"start":{"line":85,"column":0},"end":{"line":85,"column":53}},"29":{"start":{"line":94,"column":0},"end":{"line":94,"column":61}},"30":{"start":{"line":104,"column":0},"end":{"line":104,"column":55}},"31":{"start":{"line":111,"column":0},"end":{"line":111,"column":65}},"32":{"start":{"line":127,"column":0},"end":{"line":127,"column":45}},"33":{"start":{"line":134,"column":0},"end":{"line":134,"column":59}},"34":{"start":{"line":146,"column":0},"end":{"line":146,"column":47}},"35":{"start":{"line":158,"column":0},"end":{"line":158,"column":51}},"36":{"start":{"line":168,"column":0},"end":{"line":168,"column":75}},"37":{"start":{"line":175,"column":0},"end":{"line":179,"column":2}},"38":{"start":{"line":177,"column":2},"end":{"line":177,"column":94}},"39":{"start":{"line":187,"column":0},"end":{"line":187,"column":49}},"40":{"start":{"line":194,"column":0},"end":{"line":194,"column":51}},"41":{"start":{"line":201,"column":0},"end":{"line":201,"column":47}},"42":{"start":{"line":211,"column":0},"end":{"line":225,"column":2}},"43":{"start":{"line":212,"column":2},"end":{"line":214,"column":3}},"44":{"start":{"line":213,"column":4},"end":{"line":213,"column":17}},"45":{"start":{"line":216,"column":2},"end":{"line":222,"column":3}},"46":{"start":{"line":217,"column":4},"end":{"line":217,"column":20}},"47":{"start":{"line":218,"column":4},"end":{"line":220,"column":5}},"48":{"start":{"line":219,"column":6},"end":{"line":219,"column":50}},"49":{"start":{"line":221,"column":4},"end":{"line":221,"column":28}},"50":{"start":{"line":224,"column":2},"end":{"line":224,"column":97}},"51":{"start":{"line":233,"column":0},"end":{"line":243,"column":2}},"52":{"start":{"line":234,"column":2},"end":{"line":236,"column":3}},"53":{"start":{"line":235,"column":4},"end":{"line":235,"column":17}},"54":{"start":{"line":238,"column":2},"end":{"line":240,"column":3}},"55":{"start":{"line":239,"column":4},"end":{"line":239,"column":59}},"56":{"start":{"line":242,"column":2},"end":{"line":242,"column":100}},"57":{"start":{"line":246,"column":0},"end":{"line":246,"column":31}},"58":{"start":{"line":249,"column":0},"end":{"line":330,"column":2}},"59":{"start":{"line":251,"column":2},"end":{"line":251,"column":29}},"60":{"start":{"line":253,"column":2},"end":{"line":255,"column":3}},"61":{"start":{"line":254,"column":4},"end":{"line":254,"column":42}},"62":{"start":{"line":257,"column":2},"end":{"line":261,"column":4}},"63":{"start":{"line":263,"column":2},"end":{"line":263,"column":91}},"64":{"start":{"line":266,"column":2},"end":{"line":328,"column":3}},"65":{"start":{"line":268,"column":4},"end":{"line":268,"column":132}},"66":{"start":{"line":272,"column":4},"end":{"line":299,"column":7}},"67":{"start":{"line":274,"column":6},"end":{"line":280,"column":7}},"68":{"start":{"line":275,"column":8},"end":{"line":279,"column":9}},"69":{"start":{"line":276,"column":10},"end":{"line":276,"column":31}},"70":{"start":{"line":278,"column":10},"end":{"line":278,"column":20}},"71":{"start":{"line":282,"column":6},"end":{"line":284,"column":48}},"72":{"start":{"line":283,"column":31},"end":{"line":283,"column":48}},"73":{"start":{"line":284,"column":27},"end":{"line":284,"column":44}},"74":{"start":{"line":286,"column":6},"end":{"line":286,"column":24}},"75":{"start":{"line":287,"column":6},"end":{"line":287,"column":26}},"76":{"start":{"line":288,"column":6},"end":{"line":293,"column":9}},"77":{"start":{"line":289,"column":8},"end":{"line":289,"column":55}},"78":{"start":{"line":290,"column":8},"end":{"line":292,"column":9}},"79":{"start":{"line":291,"column":10},"end":{"line":291,"column":33}},"80":{"start":{"line":294,"column":6},"end":{"line":297,"column":8}},"81":{"start":{"line":298,"column":6},"end":{"line":298,"column":37}},"82":{"start":{"line":301,"column":4},"end":{"line":301,"column":27}},"83":{"start":{"line":302,"column":4},"end":{"line":302,"column":51}},"84":{"start":{"line":303,"column":4},"end":{"line":303,"column":14}},"85":{"start":{"line":305,"column":4},"end":{"line":327,"column":5}},"86":{"start":{"line":306,"column":6},"end":{"line":306,"column":50}},"87":{"start":{"line":309,"column":6},"end":{"line":326,"column":27}},"88":{"start":{"line":311,"column":8},"end":{"line":311,"column":34}},"89":{"start":{"line":313,"column":8},"end":{"line":313,"column":30}},"90":{"start":{"line":314,"column":8},"end":{"line":320,"column":10}},"91":{"start":{"line":315,"column":10},"end":{"line":317,"column":11}},"92":{"start":{"line":316,"column":12},"end":{"line":316,"column":29}},"93":{"start":{"line":319,"column":10},"end":{"line":319,"column":56}},"94":{"start":{"line":322,"column":8},"end":{"line":324,"column":60}},"95":{"start":{"line":323,"column":10},"end":{"line":323,"column":73}}},"branchMap":{"1":{"line":50,"type":"if","locations":[{"start":{"line":50,"column":2},"end":{"line":50,"column":2}},{"start":{"line":50,"column":2},"end":{"line":50,"column":2}}]},"2":{"line":56,"type":"if","locations":[{"start":{"line":56,"column":2},"end":{"line":56,"column":2}},{"start":{"line":56,"column":2},"end":{"line":56,"column":2}}]},"3":{"line":66,"type":"if","locations":[{"start":{"line":66,"column":2},"end":{"line":66,"column":2}},{"start":{"line":66,"column":2},"end":{"line":66,"column":2}}]},"4":{"line":70,"type":"if","locations":[{"start":{"line":70,"column":2},"end":{"line":70,"column":2}},{"start":{"line":70,"column":2},"end":{"line":70,"column":2}}]},"5":{"line":212,"type":"if","locations":[{"start":{"line":212,"column":2},"end":{"line":212,"column":2}},{"start":{"line":212,"column":2},"end":{"line":212,"column":2}}]},"6":{"line":216,"type":"if","locations":[{"start":{"line":216,"column":2},"end":{"line":216,"column":2}},{"start":{"line":216,"column":2},"end":{"line":216,"column":2}}]},"7":{"line":234,"type":"if","locations":[{"start":{"line":234,"column":2},"end":{"line":234,"column":2}},{"start":{"line":234,"column":2},"end":{"line":234,"column":2}}]},"8":{"line":238,"type":"if","locations":[{"start":{"line":238,"column":2},"end":{"line":238,"column":2}},{"start":{"line":238,"column":2},"end":{"line":238,"column":2}}]},"9":{"line":253,"type":"if","locations":[{"start":{"line":253,"column":2},"end":{"line":253,"column":2}},{"start":{"line":253,"column":2},"end":{"line":253,"column":2}}]},"10":{"line":260,"type":"binary-expr","locations":[{"start":{"line":260,"column":14},"end":{"line":260,"column":20}},{"start":{"line":260,"column":24},"end":{"line":260,"column":31}}]},"11":{"line":263,"type":"cond-expr","locations":[{"start":{"line":263,"column":47},"end":{"line":263,"column":48}},{"start":{"line":263,"column":51},"end":{"line":263,"column":89}}]},"12":{"line":266,"type":"if","locations":[{"start":{"line":266,"column":2},"end":{"line":266,"column":2}},{"start":{"line":266,"column":2},"end":{"line":266,"column":2}}]},"13":{"line":274,"type":"if","locations":[{"start":{"line":274,"column":6},"end":{"line":274,"column":6}},{"start":{"line":274,"column":6},"end":{"line":274,"column":6}}]},"14":{"line":275,"type":"if","locations":[{"start":{"line":275,"column":8},"end":{"line":275,"column":8}},{"start":{"line":275,"column":8},"end":{"line":275,"column":8}}]},"15":{"line":290,"type":"if","locations":[{"start":{"line":290,"column":8},"end":{"line":290,"column":8}},{"start":{"line":290,"column":8},"end":{"line":290,"column":8}}]},"16":{"line":315,"type":"if","locations":[{"start":{"line":315,"column":10},"end":{"line":315,"column":10}},{"start":{"line":315,"column":10},"end":{"line":315,"column":10}}]}},"code":["/**"," * Modules from the community: package.json"," */","var defaultRequest = require('request');","var waitress       = require('waitress');","var check          = require('check-types');","","/**"," * Internal modules"," */","var _makeRequest      = require('./utils/makeRequest');","var _assignParams     = require('./utils/assignParams');","var _jsonParser       = require('./utils/jsonParser');","var _encodePolyline   = require('./utils/encodePolylines');","var _getDefaultConfig = require('./config/getDefault');","var _constants        = require('./config/constants');","","","var ACCEPTED_CONFIG_KEYS = _constants.ACCEPTED_CONFIG_KEYS;","var GOOGLEMAPS_ENDPOINTS = _constants.GOOGLEMAPS_ENDPOINTS;","var MAX_REQUEST_LENGTHS  = _constants.MAX_REQUEST_LENGTHS;","","var api = {","  placeSearchText:        require('./placeSearchText'),","  placeSearch:            require('./placeSearchNearby'),","  placeDetails:           require('./placeDetails'),","  placeAutocomplete:      require('./placeAutocomplete'),","  geocode:                require('./geocode'),","  reverseGeocode:         require('./reverseGeocode'),","  distance:               require('./distance'),","  directions:             require('./directions'),","  elevationFromLocations: require('./elevationFromLocations'),","  // TODO","  // move this into an internal module + fix integration test","  // elevationFromPath:      require('./elevationFromPath'),","  staticMap:              require('./staticMap'),","  streetView:             require('./streetView'),","  timezone:               require('./timezone')","}","","","","/**"," * Constructor"," */","var GoogleMapsAPI = function(config, request) {","","  var pk = null;","","  if (!check.object(config)) {","    config = {};","  }","","  var clonedConfig = JSON.parse(JSON.stringify(config));","","  if (clonedConfig['google_private_key'] != null) {","    pk = clonedConfig['google_private_key'];","    delete clonedConfig['google_private_key'];","  }","","  /**","   * Calling _getDefaultConfig() inside the constructor ensure the config is not a singleton","   */","  this.config = _assignParams(_getDefaultConfig(), clonedConfig, ACCEPTED_CONFIG_KEYS);","","  if (pk != null) {","    this.config['google_private_key'] = pk;","  }","","  if (typeof request !== 'function') {","    request = defaultRequest;","  }","","  this.request = request;","","};","","/**"," * Endpoint: /maps/api/place/nearbysearch/json"," * Google documentation reference: https://developers.google.com/places/documentation/search"," *"," * TODO: Maps API for Work customers should not include a client or signature parameter with their requests."," * TODO: params zagatselected"," */","GoogleMapsAPI.prototype.placeSearch = api.placeSearch","","/**"," * Endpoint: /maps/api/place/textsearch/json"," * Google documentation reference: https://developers.google.com/places/documentation/search"," *"," * TODO: Maps API for Work customers should not include a client or signature parameter with their requests."," * TODO: params zagatselected"," */","GoogleMapsAPI.prototype.placeSearchText = api.placeSearchText","","/**"," *"," * Endpoint: '/maps/api/place/details/json'"," * Google documentation reference: https://developers.google.com/places/documentation/details"," *"," * Note: reference is deprecated. The reference advises to use placeId instead"," * Note: sensor is no longer required"," */","GoogleMapsAPI.prototype.placeDetails = api.placeDetails","","/**"," *"," * Endpoint: '/maps/api/place/autocomplete/json'"," * Google documentation reference: https://developers.google.com/places/web-service/autocomplete"," */","GoogleMapsAPI.prototype.placeAutocomplete = api.placeAutocomplete","","/**"," * Server side geocoding. For client usage please refer to this URL:"," * https://developers.google.com/maps/articles/geocodestrat#client"," *"," * Endpoint: '/maps/api/geocode/json'"," * Google documentation reference: https://developers.google.com/maps/documentation/geocoding"," *"," * Use limitations: This service is generally designed for geocoding static (known in advance) addresses for placement of application content on a map; this service is not designed to respond in real time to user input, for example. For dynamic geocoding (for example, within a user interface element)"," *"," * Caching: Geocoding is a time and resource intensive task. Whenever possible, pre-geocode known addresses (using the Geocoding API described here or another geocoding service), and store your results in a temporary cache of your own design.",""," * Quotas: Users of the free API: 2,500 requests per 24 hour period. 5 requests per second.","           Google Maps API for Work customers: 100,000 requests per 24 hour period. 10 requests per second."," */","GoogleMapsAPI.prototype.geocode = api.geocode","","/**"," *"," * Endpoint: '/maps/api/geocode/json'"," * Google documentation reference: https://developers.google.com/maps/documentation/geocoding/#ReverseGeocoding"," */","GoogleMapsAPI.prototype.reverseGeocode = api.reverseGeocode","","/**"," *"," * Endpoint: '/maps/api/distancematrix/json'"," * Google documentation reference: https://developers.google.com/maps/documentation/distancematrix/"," *"," * Use limitations: Distance Matrix API URLs are restricted to approximately 2000 characters, after URL Encoding. As some Distance Matrix API service URLs may involve many locations, be aware of this limit when constructing your URLs. Note that different browsers, proxies, and servers may have different URL character limits as well."," *"," * Quotas: Users of the free API: 100 elements per query. 100 elements per 10 seconds. 2 500 elements per 24 hour period.","           Google Maps API for Work customers: 625 elements per query. 1 000 elements per 10 seconds. 100 000 elements per 24 hour period."," */","GoogleMapsAPI.prototype.distance = api.distance","","/**"," * departureTime and arrivalTime must be passed as UNIX timestamp => Math.floor((new Date()).getTime()/1000)"," *"," * Endpoint: '/maps/api/directions/json'"," * Google documentation reference: https://developers.google.com/maps/documentation/directions/"," * note: This service is generally designed for calculating directions for static (known in advance) addresses for placement of application content on a map; this service is not designed to respond in real time to user input, for example. For dynamic directions calculations (for example, within a user interface element), consult the documentation for the JavaScript API V3 Directions Service."," *"," * Quotas: Users of the free API: 2,500 directions requests per 24 hour period. Up to 8 waypoints allowed in each request. Waypoints are not available for transit directions. 2 requests per second.","           Google Maps API for Work customers: 100,000 directions requests per 24 hour period. 23 waypoints allowed in each request. Waypoints are not available for transit directions. 10 requests per second."," */","GoogleMapsAPI.prototype.directions = api.directions","","/**"," *"," * Endpoint: '/maps/api/elevation/json'"," * Google documentation reference: http://code.google.com/apis/maps/documentation/elevation/"," *"," * Quotas: Users of the free API: 2,500 directions requests per 24 hour period. 512 locations per request. 5 requests per second.","           Google Maps API for Work customers: 100,000 directions requests per 24 hour period. 512 locations per request. 10 requests per second."," */","GoogleMapsAPI.prototype.elevationFromLocations = api.elevationFromLocations","","/**"," *"," * Endpoint: '/maps/api/elevation/json'"," * Google documentation reference: http://code.google.com/apis/maps/documentation/elevation/#Paths"," */","GoogleMapsAPI.prototype.elevationFromPath = function(params, callback) {","","  return _elevationFromPath(this.request, this.config, params.path, params.samples, callback);","","};","","","/**"," * V2"," * Endpoint: '/maps/api/staticmap'"," * Google documentation reference: https://developers.google.com/maps/documentation/staticmaps/"," */","GoogleMapsAPI.prototype.staticMap = api.staticMap","","/**"," *"," * Endpoint: '/maps/api/streetview'"," * Google documentation reference: http://code.google.com/apis/maps/documentation/streetview"," */","GoogleMapsAPI.prototype.streetView = api.streetView","","/**"," *"," * Endpoint: '/maps/api/timezone'"," * Google documentation reference: http://code.google.com/apis/maps/documentation/timezone"," */","GoogleMapsAPI.prototype.timezone = api.timezone","","","/**"," * TODO this doesn't belong here"," * Helper function to check and convert an array of points, be it strings/numbers/etc"," * into the format used by Google Maps for representing lists of latitude/longitude pairs."," *"," * This is call recursively"," */","GoogleMapsAPI.prototype.checkAndConvertArrayOfPoints = checkAndConvertPoint = function(input) {","  if ('string' === typeof input) {","    return input;","  }","","  if (Array.isArray(input)) {","    var output = [];","    for (var i = 0; i < input.length; i++) {","      output.push(checkAndConvertPoint(input[i]));","    }","    return output.join('|');","  }","","  throw new Error('Unrecognized input: checkAndConvertArrayOfPoints accepts Arrays and Strings');","};","","","/**"," * TODO this doesn't belong here"," * Helper function to check and convert an points, be it strings/arrays of numbers/etc"," * into the format used by Google Maps for representing latitude/longitude pairs"," */","GoogleMapsAPI.prototype.checkAndConvertPoint = function(input) {","  if ('string' === typeof input) {","    return input;","  }","","  if (Array.isArray(input)) {","    return input[0].toString() + ',' + input[1].toString();","  }","","  throw new Error('Unrecognized input: checkAndConvertPoint accepts Arrays of Numbers and Strings');","};","","","module.exports = GoogleMapsAPI;","","// TODO improve this and move to a separate file","var _elevationFromPath = function(request, config, path, samples, callback, sensor) {","","  var MAX_PATH_LENGTH = 1500;","","  if (config.encode_polylines === true) {","    path = 'enc:' + _encodePolyline(path);","  }","","  var args = {","    'path':    path,","    'samples': samples,","    'sensor': sensor || 'false'","  };","","  var count = (path.length < MAX_PATH_LENGTH ? 1 : Math.ceil(path.length/MAX_PATH_LENGTH));","","","  if (count === 1) {","","    _makeRequest(request, config, GOOGLEMAPS_ENDPOINTS['elevation'], args, _jsonParser(callback), MAX_REQUEST_LENGTHS['elevation']);","","  } else {","","    var done = waitress(count, function(err, results) {","","      if (err) {","        if (typeof callback === 'function') {","          return callback(err);","        } else {","          throw err;","        }","      }","","      results = results","        .sort(function(a, b) { return a.n - b.n; })","        .map(function(v) { return v.results; });","","      var status = 'OK';","      var aggregated = [];","      results.forEach(function(result) {","        aggregated = aggregated.concat(result.results);","        if (result.status !== 'OK') {","          status = result.status;","        }","      });","      results = {","        results: aggregated,","        status: status","      };","      return callback(null, results);","    });","","    path = path.split('|');","    var pieceSize = Math.ceil(path.length / count);","    var n = 0;","","    while (path.length) {","      var smallerPath = path.splice(0, pieceSize);","","      // google will throttle us if we launch all the requests together, so we have to stagger them.","      (function(n, path) {","","        var samples = path.length;","","        path = path.join('|');","        var cb = function(err, results) {","          if (err) {","            return done(err);","          }","","          return done(null, { n: n, results: results });","        };","","        setTimeout(function() {","          _elevationFromPath(request, config, path, samples, cb, sensor);","        }, Math.floor(Math.random() * config.stagger_time));","","      })(++n, smallerPath);","    }","  }","","};",""],"l":{"4":1,"5":1,"6":1,"11":1,"12":1,"13":1,"14":1,"15":1,"16":1,"19":1,"20":1,"21":1,"23":1,"46":1,"48":0,"50":0,"51":0,"54":0,"56":0,"57":0,"58":0,"64":0,"66":0,"67":0,"70":0,"71":0,"74":0,"85":1,"94":1,"104":1,"111":1,"127":1,"134":1,"146":1,"158":1,"168":1,"175":1,"177":0,"187":1,"194":1,"201":1,"211":1,"212":0,"213":0,"216":0,"217":0,"218":0,"219":0,"221":0,"224":0,"233":1,"234":0,"235":0,"238":0,"239":0,"242":0,"246":1,"249":1,"251":0,"253":0,"254":0,"257":0,"263":0,"266":0,"268":0,"272":0,"274":0,"275":0,"276":0,"278":0,"282":0,"283":0,"284":0,"286":0,"287":0,"288":0,"289":0,"290":0,"291":0,"294":0,"298":0,"301":0,"302":0,"303":0,"305":0,"306":0,"309":0,"311":0,"313":0,"314":0,"315":0,"316":0,"319":0,"322":0,"323":0}},"/home/travis/build/npmtest/node-npmtest-googlemaps/node_modules/googlemaps/lib/utils/makeRequest.js":{"path":"/home/travis/build/npmtest/node-npmtest-googlemaps/node_modules/googlemaps/lib/utils/makeRequest.js","s":{"1":1,"2":1,"3":1,"4":0,"5":0,"6":0,"7":0,"8":0,"9":0,"10":0,"11":0,"12":0,"13":0,"14":0,"15":0,"16":0,"17":0,"18":0,"19":0,"20":0,"21":1,"22":0,"23":0,"24":0,"25":0,"26":0,"27":0,"28":0,"29":0,"30":0,"31":0,"32":0,"33":0,"34":0,"35":0,"36":0,"37":0,"38":0,"39":0,"40":0,"41":0,"42":0,"43":0,"44":0,"45":0,"46":0,"47":0},"b":{"1":[0,0],"2":[0,0],"3":[0,0],"4":[0,0],"5":[0,0],"6":[0,0],"7":[0,0],"8":[0,0],"9":[0,0],"10":[0,0],"11":[0,0],"12":[0,0],"13":[0,0],"14":[0,0],"15":[0,0]},"f":{"1":0,"2":0,"3":0},"fnMap":{"1":{"name":"_buildUrl","line":7,"loc":{"start":{"line":7,"column":0},"end":{"line":7,"column":39}}},"2":{"name":"(anonymous_2)","line":49,"loc":{"start":{"line":49,"column":17},"end":{"line":49,"column":93}}},"3":{"name":"(anonymous_3)","line":81,"loc":{"start":{"line":81,"column":19},"end":{"line":81,"column":47}}}},"statementMap":{"1":{"start":{"line":4,"column":0},"end":{"line":4,"column":27}},"2":{"start":{"line":5,"column":0},"end":{"line":5,"column":31}},"3":{"start":{"line":7,"column":0},"end":{"line":43,"column":1}},"4":{"start":{"line":9,"column":2},"end":{"line":9,"column":59}},"5":{"start":{"line":11,"column":2},"end":{"line":41,"column":3}},"6":{"start":{"line":12,"column":4},"end":{"line":12,"column":42}},"7":{"start":{"line":18,"column":4},"end":{"line":18,"column":55}},"8":{"start":{"line":19,"column":4},"end":{"line":22,"column":5}},"9":{"start":{"line":21,"column":6},"end":{"line":21,"column":56}},"10":{"start":{"line":21,"column":28},"end":{"line":21,"column":56}},"11":{"start":{"line":23,"column":4},"end":{"line":23,"column":27}},"12":{"start":{"line":25,"column":4},"end":{"line":25,"column":30}},"13":{"start":{"line":27,"column":4},"end":{"line":29,"column":5}},"14":{"start":{"line":28,"column":6},"end":{"line":28,"column":50}},"15":{"start":{"line":32,"column":4},"end":{"line":32,"column":70}},"16":{"start":{"line":35,"column":4},"end":{"line":35,"column":57}},"17":{"start":{"line":36,"column":4},"end":{"line":36,"column":64}},"18":{"start":{"line":37,"column":4},"end":{"line":37,"column":38}},"19":{"start":{"line":38,"column":4},"end":{"line":38,"column":16}},"20":{"start":{"line":40,"column":4},"end":{"line":40,"column":53}},"21":{"start":{"line":49,"column":0},"end":{"line":95,"column":2}},"22":{"start":{"line":50,"column":2},"end":{"line":50,"column":44}},"23":{"start":{"line":52,"column":2},"end":{"line":52,"column":29}},"24":{"start":{"line":54,"column":2},"end":{"line":58,"column":3}},"25":{"start":{"line":56,"column":4},"end":{"line":56,"column":18}},"26":{"start":{"line":57,"column":4},"end":{"line":57,"column":26}},"27":{"start":{"line":60,"column":2},"end":{"line":60,"column":39}},"28":{"start":{"line":62,"column":2},"end":{"line":68,"column":3}},"29":{"start":{"line":63,"column":4},"end":{"line":63,"column":102}},"30":{"start":{"line":64,"column":4},"end":{"line":66,"column":5}},"31":{"start":{"line":65,"column":6},"end":{"line":65,"column":29}},"32":{"start":{"line":67,"column":4},"end":{"line":67,"column":16}},"33":{"start":{"line":70,"column":2},"end":{"line":72,"column":4}},"34":{"start":{"line":74,"column":2},"end":{"line":74,"column":44}},"35":{"start":{"line":74,"column":16},"end":{"line":74,"column":44}},"36":{"start":{"line":75,"column":2},"end":{"line":75,"column":49}},"37":{"start":{"line":75,"column":20},"end":{"line":75,"column":49}},"38":{"start":{"line":77,"column":2},"end":{"line":79,"column":3}},"39":{"start":{"line":78,"column":4},"end":{"line":78,"column":23}},"40":{"start":{"line":81,"column":2},"end":{"line":93,"column":5}},"41":{"start":{"line":82,"column":4},"end":{"line":84,"column":5}},"42":{"start":{"line":83,"column":6},"end":{"line":83,"column":29}},"43":{"start":{"line":85,"column":4},"end":{"line":87,"column":5}},"44":{"start":{"line":86,"column":6},"end":{"line":86,"column":34}},"45":{"start":{"line":88,"column":4},"end":{"line":88,"column":28}},"46":{"start":{"line":89,"column":4},"end":{"line":89,"column":32}},"47":{"start":{"line":91,"column":4},"end":{"line":91,"column":33}}},"branchMap":{"1":{"line":11,"type":"if","locations":[{"start":{"line":11,"column":2},"end":{"line":11,"column":2}},{"start":{"line":11,"column":2},"end":{"line":11,"column":2}}]},"2":{"line":11,"type":"binary-expr","locations":[{"start":{"line":11,"column":6},"end":{"line":11,"column":29}},{"start":{"line":11,"column":33},"end":{"line":11,"column":58}}]},"3":{"line":21,"type":"if","locations":[{"start":{"line":21,"column":6},"end":{"line":21,"column":6}},{"start":{"line":21,"column":6},"end":{"line":21,"column":6}}]},"4":{"line":27,"type":"if","locations":[{"start":{"line":27,"column":4},"end":{"line":27,"column":4}},{"start":{"line":27,"column":4},"end":{"line":27,"column":4}}]},"5":{"line":50,"type":"binary-expr","locations":[{"start":{"line":50,"column":21},"end":{"line":50,"column":37}},{"start":{"line":50,"column":41},"end":{"line":50,"column":43}}]},"6":{"line":54,"type":"if","locations":[{"start":{"line":54,"column":2},"end":{"line":54,"column":2}},{"start":{"line":54,"column":2},"end":{"line":54,"column":2}}]},"7":{"l
[...]
arated strings","","input = [","  {","    'feature': 'road',","    'element': 'all',","    'rules': {","      'hue': '0x00ff00'","    }","  },","  {","    'feature': 'landscape',","    'element': 'all',","    'rules': {","      'visibility': 'off'","    }","  }","]","","output = [","  \"feature:road|element:all|hue:0x00ff00\",","  \"feature:landscape|element:all|visibility:off\"","]","**/","","module.exports = function(styles) {","","  if (!Array.isArray(styles)) {","    throw new Error('styles must be an array');","  }","","  return styles.map(function(style){","","    var i, len, s = [], keys = ['feature', 'element'];","","    for (i = 0, len = keys.length; i < len; i++) {","      if (style[keys[i]] != null) {","        s.push(keys[i] + ':' + style[keys[i]]);","      }","    }","","    if (style.rules != null) {","      var k;","      for (k in style.rules) {","        s.push(k + ':' + style.rules[k]);","      }","    }","","    return s.join('|');","","  });","","}",""],"l":{"27":1,"29":0,"30":0,"33":0,"35":0,"37":0,"38":0,"39":0,"43":0,"44":0,"45":0,"46":0,"50":0}},"/home/travis/build/npmtest/node-npmtest-googlemaps/node_modules/googlemaps/lib/utils/parsePaths.js":{"path":"/home/travis/build/npmtest/node-npmtest-googlemaps/node_modules/googlemaps/lib/utils/parsePaths.js","s":{"1":1,"2":1,"3":0,"4":0,"5":0,"6":0,"7":0,"8":0,"9":0,"10":0,"11":0,"12":0,"13":0,"14":0,"15":0,"16":0},"b":{"1":[0,0],"2":[0,0],"3":[0,0],"4":[0,0]},"f":{"1":0,"2":0,"3":0},"fnMap":{"1":{"name":"(anonymous_1)","line":21,"loc":{"start":{"line":21,"column":17},"end":{"line":21,"column":50}}},"2":{"name":"(anonymous_2)","line":27,"loc":{"start":{"line":27,"column":19},"end":{"line":27,"column":34}}},"3":{"name":"(anonymous_3)","line":43,"loc":{"start":{"line":43,"column":27},"end":{"line":43,"column":43}}}},"statementMap":{"1":{"start":{"line":1,"column":0},"end":{"line":1,"column":51}},"2":{"start":{"line":21,"column":0},"end":{"line":53,"column":1}},"3":{"start":{"line":23,"column":2},"end":{"line":25,"column":3}},"4":{"start":{"line":24,"column":4},"end":{"line":24,"column":46}},"5":{"start":{"line":27,"column":2},"end":{"line":51,"column":15}},"6":{"start":{"line":29,"column":4},"end":{"line":29,"column":75}},"7":{"start":{"line":31,"column":4},"end":{"line":35,"column":5}},"8":{"start":{"line":32,"column":6},"end":{"line":34,"column":7}},"9":{"start":{"line":33,"column":8},"end":{"line":33,"column":46}},"10":{"start":{"line":37,"column":4},"end":{"line":47,"column":5}},"11":{"start":{"line":38,"column":6},"end":{"line":38,"column":64}},"12":{"start":{"line":40,"column":6},"end":{"line":46,"column":7}},"13":{"start":{"line":41,"column":8},"end":{"line":41,"column":58}},"14":{"start":{"line":43,"column":8},"end":{"line":45,"column":11}},"15":{"start":{"line":44,"column":10},"end":{"line":44,"column":24}},"16":{"start":{"line":49,"column":4},"end":{"line":49,"column":23}}},"branchMap":{"1":{"line":23,"type":"if","locations":[{"start":{"line":23,"column":2},"end":{"line":23,"column":2}},{"start":{"line":23,"column":2},"end":{"line":23,"column":2}}]},"2":{"line":32,"type":"if","locations":[{"start":{"line":32,"column":6},"end":{"line":32,"column":6}},{"start":{"line":32,"column":6},"end":{"line":32,"column":6}}]},"3":{"line":37,"type":"if","locations":[{"start":{"line":37,"column":4},"end":{"line":37,"column":4}},{"start":{"line":37,"column":4},"end":{"line":37,"column":4}}]},"4":{"line":40,"type":"if","locations":[{"start":{"line":40,"column":6},"end":{"line":40,"column":6}},{"start":{"line":40,"column":6},"end":{"line":40,"column":6}}]}},"code":["var _encodePolyline = require('./encodePolylines');","","/**","Transfors an array of paths into a pipe separeted string","","input = [","  {","    points: [","      '40.737102,-73.990318',","      '40.749825,-73.987963',","      '40.752946,-73.987384',","      '40.755823,-73.986397'","    ],","    color: '0x0000ff',","    weight: 5","  }","]","","output = color:0x0000ff|weight:5|40.737102,-73.990318|40.749825,-73.987963|40.752946,-73.987384|40.755823,-73.986397","**/","module.exports = function(paths, encodePolylines) {","","  if (!Array.isArray(paths)) {","    throw new Error('paths must be an array');","  }","","  return paths.map(function(path) {","","    var i, len, p = [], keys = ['weight', 'color', 'fillcolor', 'geodisc'];","","    for (i = 0, len = keys.length; i < len; i++) {","      if (path[keys[i]] != null) {","        p.push(keys[i] + ':' + path[keys[i]]);","      }","    }","","    if (!Array.isArray(path.points)) {","      throw new Error('Each path must have an array of points');","    } else {","      if (encodePolylines === true) {","        p.push( 'enc:' + _encodePolyline(path['points']));","      } else {","        path['points'].map(function(point) {","          p.push(point);","        });","      }","    }","","    return p.join('|');","","  }).join('|');","","}",""],"l":{"1":1,"21":1,"23":0,"24":0,"27":0,"29":0,"31":0,"32":0,"33":0,"37":0,"38":0,"40":0,"41":0,"43":0,"44":0,"49":0}},"/home/travis/build/npmtest/node-npmtest-googlemaps/node_modules/googlemaps/lib/streetView.js":{"path":"/home/travis/build/npmtest/node-npmtest-googlemaps/node_modules/googlemaps/lib/streetView.js","s":{"1":1,"2":1,"3":1,"4":1,"5":1,"6":1,"7":1,"8":1,"9":1,"10":1,"11":0,"12":0,"13":0,"14":1,"15":0,"16":0,"17":0,"18":0,"19":0,"20":0,"21":0,"22":0,"23":0,"24":0,"25":0,"26":0,"27":0,"28":0,"29":0,"30":0,"31":0,"32":0,"33":0,"34":0,"35":0,"36":0,"37":0,"38":0,"39":0},"b":{"1":[0,0],"2":[0,0],"3":[0,0],"4":[0,0],"5":[0,0],"6":[0,0],"7":[0,0],"8":[0,0],"9":[0,0],"10":[0,0],"11":[0,0],"12":[0,0],"13":[0,0],"14":[0,0],"15":[0,0],"16":[0,0],"17":[0,0],"18":[0,0],"19":[0,0],"20":[0,0],"21":[0,0]},"f":{"1":0,"2":0},"fnMap":{"1":{"name":"_errorHandler","line":21,"loc":{"start":{"line":21,"column":0},"end":{"line":21,"column":40}}},"2":{"name":"(anonymous_2)","line":28,"loc":{"start":{"line":28,"column":17},"end":{"line":28,"column":44}}}},"statementMap":{"1":{"start":{"line":4,"column":0},"end":{"line":4,"column":35}},"2":{"start":{"line":9,"column":0},"end":{"line":9,"column":51}},"3":{"start":{"line":10,"column":0},"end":{"line":10,"column":52}},"4":{"start":{"line":11,"column":0},"end":{"line":11,"column":50}},"5":{"start":{"line":13,"column":0},"end":{"line":13,"column":47}},"6":{"start":{"line":15,"column":0},"end":{"line":15,"column":54}},"7":{"start":{"line":16,"column":0},"end":{"line":16,"column":59}},"8":{"start":{"line":17,"column":0},"end":{"line":17,"column":58}},"9":{"start":{"line":19,"column":0},"end":{"line":19,"column":31}},"10":{"start":{"line":21,"column":0},"end":{"line":26,"column":1}},"11":{"start":{"line":22,"column":2},"end":{"line":24,"column":3}},"12":{"start":{"line":23,"column":4},"end":{"line":23,"column":27}},"13":{"start":{"line":25,"column":2},"end":{"line":25,"column":14}},"14":{"start":{"line":28,"column":0},"end":{"line":77,"column":2}},"15":{"start":{"line":30,"column":2},"end":{"line":34,"column":3}},"16":{"start":{"line":31,"column":4},"end":{"line":33,"column":5}},"17":{"start":{"line":32,"column":6},"end":{"line":32,"column":54}},"18":{"start":{"line":36,"column":2},"end":{"line":38,"column":3}},"19":{"start":{"line":37,"column":4},"end":{"line":37,"column":114}},"20":{"start":{"line":40,"column":2},"end":{"line":42,"column":3}},"21":{"start":{"line":41,"column":4},"end":{"line":41,"column":78}},"22":{"start":{"line":44,"column":2},"end":{"line":44,"column":68}},"23":{"start":{"line":46,"column":2},"end":{"line":48,"column":3}},"24":{"start":{"line":47,"column":4},"end":{"line":47,"column":92}},"25":{"start":{"line":50,"column":2},"end":{"line":52,"column":3}},"26":{"start":{"line":51,"column":4},"end":{"line":51,"column":127}},"27":{"start":{"line":54,"column":2},"end":{"line":59,"column":3}},"28":{"start":{"line":55,"column":4},"end":{"line":55,"column":46}},"29":{"start":{"line":56,"column":4},"end":{"line":58,"column":5}},"30":{"start":{"line":57,"column":6},"end":{"line":57,"column":92}},"31":{"start":{"line":61,"column":2},"end":{"line":66,"column":3}},"32":{"start":{"line":62,"column":4},"end":{"line":62,"column":38}},"33":{"start":{"line":63,"column":4},"end":{"line":65,"column":5}},"34":{"start":{"line":64,"column":6},"end":{"line":64,"column":88}},"35":{"start":{"line":68,"column":2},"end":{"line":73,"column":3}},"36":{"start":{"line":69,"column":4},"end":{"line":69,"column":42}},"37":{"start":{"line":70,"column":4},"end":{"line":72,"column":5}},"38":{"start":{"line":71,"column":6},"end":{"line":71,"column":91}},"39":{"start":{"line":75,"column":2},"end":{"line":75,"column":142}}},"branchMap":{"1":{"line":22,"type":"if","locations":[{"start":{"line":22,"column":2},"end":{"line":22,"column":2}},{"start":{"line":22,"column":2},"end":{"line":22,"column":2}}]},"2":{"line":30,"type":"if","locations":[{"start":{"line":30,"column":2},"end":{"line":30,"column":2}},{"start":{"line":30,"column":2},"end":{"line":30,"column":2}}]},"3":{"line":30,"type":"binary-expr","locations":[{"start":{"line":30,"column":6},"end":{"line":30,"column":37}},{"start":{"line":30,"column":41},"end":{"line":30,"column":58}}]},"4":{"line":31,"type":"if","locations":[{"start":{"line":31,"column":4},"end":{"line":31,"column":4}},{"start":{"line":31,"column":4},"end":{"line":31,"column":4}}]},"5":{"line":36,"type":"if","locations":[{"start":{"line":36,"column":2},"end":{"line":36,"column":2}},{"start":{"line":36,"column":2},"end":{"line":36,"column":2}}]},"6":{"line":36,"type":"binary-expr","locations":[{"start":{"line":36,"column":6},"end":{"line":36,"column":71}},{"start":{"line":36,"column":75},"end":{"line":36,"column":98}}]},"7":{"line":36,"type":"binary-expr","locations":[{"start":{"line":36,"column":8},"end":{"line":36,"column":36}},{"start":{"line":36,"column":40},"end":{"line":36,"column":70}}]},"8":{"line":40,"type":"if","locations":[{"start":{"line":40,"column":2},"end":{"line":40,"column":2}},{"start":{"line":40,"column":2},"end":{"line":40,"column":2}}]},"9":{"line":46,"type":"if","locations":[{"start":{"line":46,"column":2},"end":{"line":46,"column":2}},{"start":{"line":46,"column":2},"end":{"line":46,"column":2}}]},"10":{"line":46,"type":"binary-expr","locations":[{"start":{"line":46,"column":6},"end":{"line":46,"column":27}},{"start":{"line":46,"column":31},"end":{"line":46,"column":48}}]},"11":{"line":50,"type":"if","locations":[{"start":{"line":50,"column":2},"end":{"line":50,"column":2}},{"start":{"line":50,"column":2},"end":{"line":50,"column":2}}]},"12":{"line":50,"type":"binary-expr","locations":[{"start":{"line":50,"column":6},"end":{"line":50,"column":23}},{"start":{"line":50,"column":27},"end":{"line":50,"column":55}}]},"13":{"line":54,"type":"if","locations":[{"start":{"line":54,"column":2},"end":{"line":54,"column":2}},{"start":{"line":54,"column":2},"end":{"line":54,"column":2}}]},"14":{"line":56,"type":"if","locations":[{"start":{"line":56,"column":4},"end":{"line":56,"column":4}},{"start":{"line":56,"column":4},"end":{"line":56,"column":4}}]},"15":{"line":56,"type":"binary-expr","locations":[{"start":{"line":56,"column":8},"end":{"line":56,"column":24}},{"start":{"line":56,"column":28},"end":{"line":56,"column":46}}]},"16":{"line":61,"type":"if","locations":[{"start":{"line":61,"column":2},"end":{"line":61,"column":2}},{"start":{"line":61,"column":2},"end":{"line":61,"column":2}}]},"17":{"line":63,"type":"if","locations":[{"start":{"line":63,"column":4},"end":{"line":63,"column":4}},{"start":{"line":63,"column":4},"end":{"line":63,"column":4}}]},"18":{"line":63,"type":"binary-expr","locations":[{"start":{"line":63,"column":8},"end":{"line":63,"column":20}},{"start":{"line":63,"column":24},"end":{"line":63,"column":38}}]},"19":{"line":68,"type":"if","locations":[{"start":{"line":68,"column":2},"end":{"line":68,"column":2}},{"start":{"line":68,"column":2},"end":{"line":68,"column":2}}]},"20":{"line":70,"type":"if","locations":[{"start":{"line":70,"column":4},"end":{"line":70,"column":4}},{"start":{"line":70,"column":4},"end":{"line":70,"column":4}}]},"21":{"line":70,"type":"binary-expr","locations":[{"start":{"line":70,"column":8},"end":{"line":70,"column":24}},{"start":{"line":70,"column":28},"end":{"line":70,"column":43}}]}},"code":["/**"," * Modules from the community: package.json"," */","var check = require('check-types');","","/**"," * Internal modules"," */","var _makeRequest  = require('./utils/makeRequest');","var _assignParams = require('./utils/assignParams');","var _jsonParser   = require('./utils/jsonParser');","","var _constants = require('./config/constants');","","var ACCEPTED_PARAMS      = _constants.ACCEPTED_PARAMS;","var GOOGLEMAPS_ENDPOINTS = _constants.GOOGLEMAPS_ENDPOINTS;","var MAX_REQUEST_LENGTHS  = _constants.MAX_REQUEST_LENGTHS;","","var METHOD_KEY = 'street-view';","","function _errorHandler(callback, error) {","  if (typeof callback === 'function') {","    return callback(error);","  }","  throw error;","}","","module.exports = function(params, callback) {","","  if (typeof callback !== \"undefined\" && callback !== null) {","    if (typeof callback !== 'function') {","      throw new TypeError('callback must be present');","    }","  }","","  if (!(this.config.google_client_id && this.config.google_private_key) && this.config.key == null) {","    return _errorHandler(callback, new Error('The streetView API requires a key. You can add it to the config.'));","  }","","  if (!check.object(params)) {","    return _errorHandler(callback, new TypeError('params must be an object'));","  }","","  var args = _assignParams({}, params, ACCEPTED_PARAMS[METHOD_KEY]);","","  if (args.location == null && args.pano == null) {","    return _errorHandler(callback, new Error('params.location or params.pano is required'));","  }","","  if (args.size == null || !/^\\d+x\\d+$/.test(args.size)) {","    return _errorHandler(callback, new Error('params.size must be specified in the form {horizontal_value}x{vertical_value}'));","  }","","  if (args.heading != null) {","    args.heading = parseInt(args.heading, 10);","    if (args.heading < 0 || args.heading > 360) {","      return _errorHandler(callback, new Error('params.heading must be between 0 and 360'));","    }","  }","","  if (args.fov != null) {","    args.fov = parseInt(args.fov, 10);","    if (args.fov < 0 || args.fov > 120) {","      return _errorHandler(callback, new Error('params.fov must be between 0 and 120'));","    }","  }","","  if (args.pitch != null) {","    args.pitch = parseInt(args.pitch, 10);","    if (args.pitch < -90 || args.pitch > 90) {","      return _errorHandler(callback, new Error('params.pitch must be between -90 and 90'));","    }","  }","","  return _makeRequest(this.request, this.config, GOOGLEMAPS_ENDPOINTS[METHOD_KEY], args, callback, MAX_REQUEST_LENGTHS[METHOD_KEY], 'binary');","","};",""],"l":{"4":1,"9":1,"10":1,"11":1,"13":1,"15":1,"16":1,"17":1,"19":1,"21":1,"22":0,"23":0,"25":0,"28":1,"30":0,"31":0,"32":0,"36":0,"37":0,"40":0,"41":0,"44":0,"46":0,"47":0,"50":0,"51":0,"54":0,"55":0,"56":0,"57":0,"61":0,"62":0,"63":0,"64":0,"68":0,"69":0,"70":0,"71":0,"75":0}},"/home/travis/build/npmtest/node-npmtest-googlemaps/node_modules/googlemaps/lib/timezone.js":{"path":"/home/travis/build/npmtest/node-npmtest-googlemaps/node_modules/googlemaps/lib/timezone.js","s":{"1":1,"2":1,"3":1,"4":1,"5":1,"6":1,"7":1,"8":1,"9":1,"10":1,"11":0,"12":0,"13":0,"14":0,"15":0,"16":0,"17":0,"18":0,"19":0,"20":0,"21":0,"22":0},"b":{"1":[0,0],"2":[0,0],"3":[0,0],"4":[0,0],"5":[0,0],"6":[0,0],"7":[0,0]},"f":{"1":0},"fnMap":{"1":{"name":"(anonymous_1)","line":21,"loc":{"start":{"line":21,"column":17},"end":{"line":21,"column":44}}}},"statementMap":{"1":{"start":{"line":4,"column":0},"end":{"line":4,"column":35}},"2":{"start":{"line":9,"column":0},"end":{"line":9,"column":51}},"3":{"start":{"line":10,"column":0},"end":{"line":10,"column":52}},"4":{"start":{"line":11,"column":0},"end":{"line":11,"column":50}},"5":{"start":{"line":13,"column":0},"end":{"line":13,"column":47}},"6":{"start":{"line":15,"column":0},"end":{"line":15,"column":54}},"7":{"start":{"line":16,"column":0},"end":{"line":16,"column":59}},"8":{"start":{"line":17,"column":0},"end":{"line":17,"column":58}},"9":{"start":{"line":19,"column":0},"end":{"line":19,"column":28}},"10":{"start":{"line":21,"column":0},"end":{"line":46,"column":2}},"11":{"start":{"line":23,"column":2},"end":{"line":25,"column":3}},"12":{"start":{"line":24,"column":4},"end":{"line":24,"column":52}},"13":{"start":{"line":27,"column":2},"end":{"line":29,"column":3}},"14":{"start":{"line":28,"column":4},"end":{"line":28,"column":97}},"15":{"start":{"line":31,"column":2},"end":{"line":33,"column":3}},"16":{"start":{"line":32,"column":4},"end":{"line":32,"column":63}},"17":{"start":{"line":35,"column":2},"end":{"line":35,"column":68}},"18":{"start":{"line":37,"column":2},"end":{"line":39,"column":3}},"19":{"start":{"line":38,"column":4},"end":{"line":38,"column":62}},"20":{"start":{"line":40,"column":2},"end":{"line":42,"column":3}},"21":{"start":{"line":41,"column":4},"end":{"line":41,"column":63}},"22":{"start":{"line":44,"column":2},"end":{"line":44,"column":145}}},"branchMap":{"1":{"line":23,"type":"if","locations":[{"start":{"line":23,"column":2},"end":{"line":23,"column":2}},{"start":{"line":23,"column":2},"end":{"line":23,"column":2}}]},"2":{"line":27,"type":"if","locations":[{"start":{"line":27,"column":2},"end":{"line":27,"column":2}},{"start":{"line":27,"column":2},"end":{"line":27,"column":2}}]},"3":{"line":27,"type":"binary-expr","locations":[{"start":{"line":27,"column":6},"end":{"line":27,"column":71}},{"start":{"line":27,"column":75},"end":{"line":27,"column":98}}]},"4":{"line":27,"type":"binary-expr","locations":[{"start":{"line":27,"column":8},"end":{"line":27,"column":36}},{"start":{"line":27,"column":40},"end":{"line":27,"column":70}}]},"5":{"line":31,"type":"if","locations":[{"start":{"line":31,"column":2},"end":{"line":31,"column":2}},{"start":{"line":31,"column":2},"end":{"line":31,"column":2}}]},"6":{"line":37,"type":"if","locations":[{"start":{"line":37,"column":2},"end":{"line":37,"column":2}},{"start":{"line":37,"column":2},"end":{"line":37,"column":2}}]},"7":{"line":40,"type":"if","locations":[{"start":{"line":40,"column":2},"end":{"line":40,"column":2}},{"start":{"line":40,"column":2},"end":{"line":40,"column":2}}]}},"code":["/**"," * Modules from the community: package.json"," */","var check = require('check-types');","","/**"," * Internal modules"," */","var _makeRequest  = require('./utils/makeRequest');","var _assignParams = require('./utils/assignParams');","var _jsonParser   = require('./utils/jsonParser');","","var _constants = require('./config/constants');","","var ACCEPTED_PARAMS      = _constants.ACCEPTED_PARAMS;","var GOOGLEMAPS_ENDPOINTS = _constants.GOOGLEMAPS_ENDPOINTS;","var MAX_REQUEST_LENGTHS  = _constants.MAX_REQUEST_LENGTHS;","","var METHOD_KEY = 'timezone';","","module.exports = function(params, callback) {","","  if (typeof callback !== 'function') {","    throw new TypeError('callback must be present');","  }","","  if (!(this.config.google_client_id && this.config.google_private_key) && this.config.key == null) {","    return callback(new Error('The timezone API requires a key. You can add it to the config.'));","  }","","  if (!check.object(params)) {","    return callback(new TypeError('params must be an object'));","  }","","  var args = _assignParams({}, params, ACCEPTED_PARAMS[METHOD_KEY]);","","  if (args.location == null) {","    return callback(new Error('params.location is required'));","  }","  if (args.timestamp == null) {","    return callback(new Error('params.timestamp is required'));","  }","","  return _makeRequest(this.request, this.config, GOOGLEMAPS_ENDPOINTS[METHOD_KEY], args, _jsonParser(callback), MAX_REQUEST_LENGTHS[METHOD_KEY]);","","};",""],"l":{"4":1,"9":1,"10":1,"11":1,"13":1,"15":1,"16":1,"17":1,"19":1,"21":1,"23":0,"24":0,"27":0,"28":0,"31":0,"32":0,"35":0,"37":0,"38":0,"40":0,"41":0,"44":0}}}